<html>
<head>
<title>TestNG:  Command line test</title>
<link href="../testng.css" rel="stylesheet" type="text/css" />
<link href="../my-testng.css" rel="stylesheet" type="text/css" />

<style type="text/css">
.log { display: none;} 
.stack-trace { display: none;} 
</style>
<script type="text/javascript">
<!--
function flip(e) {
  current = e.style.display;
  if (current == 'block') {
    e.style.display = 'none';
    return 0;
  }
  else {
    e.style.display = 'block';
    return 1;
  }
}

function toggleBox(szDivId, elem, msg1, msg2)
{
  var res = -1;  if (document.getElementById) {
    res = flip(document.getElementById(szDivId));
  }
  else if (document.all) {
    // this is the way old msie versions work
    res = flip(document.all[szDivId]);
  }
  if(elem) {
    if(res == 0) elem.innerHTML = msg1; else elem.innerHTML = msg2;
  }

}

function toggleAllBoxes() {
  if (document.getElementsByTagName) {
    d = document.getElementsByTagName('div');
    for (i = 0; i < d.length; i++) {
      if (d[i].className == 'log') {
        flip(d[i]);
      }
    }
  }
}

// -->
</script>

</head>
<body>
<h2 align='center'>Command line test</h2><table border='1' align="center">
<tr>
<td>Tests passed/Failed/Skipped:</td><td>7/0/5</td>
</tr><tr>
<td>Started on:</td><td>Fri Sep 21 10:17:34 IST 2018</td>
</tr>
<tr><td>Total time:</td><td>557 seconds (557495 ms)</td>
</tr><tr>
<td>Included groups:</td><td></td>
</tr><tr>
<td>Excluded groups:</td><td></td>
</tr>
</table><p/>
<small><i>(Hover the method name to see the test class name)</i></small><p/>
<table width='100%' border='1' class='invocation-failed'>
<tr><td colspan='4' align='center'><b>FAILED CONFIGURATIONS</b></td></tr>
<tr><td><b>Test method</b></td>
<td width="30%"><b>Exception</b></td>
<td width="10%"><b>Time (seconds)</b></td>
<td><b>Instance</b></td>
</tr>
<tr>
<td title='testcases.ContactsPageTest.setUp()'><b>setUp</b><br>Test class: testcases.ContactsPageTest</td>
<td><div><pre>org.openqa.selenium.WebDriverException: Failed to connect to binary FirefoxBinary(C:\Program Files\Mozilla Firefox\firefox.exe) on port 7055; process output follows: 
4-a285-3208198ce6fd}&quot;,&quot;syncGUID&quot;:&quot;hH91N_n638G_&quot;,&quot;location&quot;:&quot;app-global&quot;,&quot;version&quot;:&quot;47.0.1&quot;,&quot;type&quot;:&quot;theme&quot;,&quot;internalName&quot;:&quot;classic/1.0&quot;,&quot;updateURL&quot;:null,&quot;updateKey&quot;:null,&quot;optionsURL&quot;:null,&quot;optionsType&quot;:null,&quot;aboutURL&quot;:null,&quot;icons&quot;:{&quot;32&quot;:&quot;icon.png&quot;,&quot;48&quot;:&quot;icon.png&quot;},&quot;iconURL&quot;:null,&quot;icon64URL&quot;:null,&quot;defaultLocale&quot;:{&quot;name&quot;:&quot;Default&quot;,&quot;description&quot;:&quot;The default theme.&quot;,&quot;creator&quot;:&quot;Mozilla&quot;,&quot;homepageURL&quot;:null,&quot;contributors&quot;:[&quot;Mozilla Contributors&quot;]},&quot;visible&quot;:true,&quot;active&quot;:true,&quot;userDisabled&quot;:false,&quot;appDisabled&quot;:false,&quot;descriptor&quot;:&quot;C:\\Program Files\\Mozilla Firefox\\browser\\extensions\\{972ce4c6-7e08-4474-a285-3208198ce6fd}.xpi&quot;,&quot;installDate&quot;:1466734942000,&quot;updateDate&quot;:1466734942000,&quot;applyBackgroundUpdates&quot;:1,&quot;skinnable&quot;:true,&quot;size&quot;:22012,&quot;sourceURI&quot;:null,&quot;releaseNotesURI&quot;:null,&quot;softDisabled&quot;:false,&quot;foreignInstall&quot;:false,&quot;hasBinaryComponents&quot;:false,&quot;strictCompatibility&quot;:true,&quot;locales&quot;:[],&quot;targetApplications&quot;:[{&quot;id&quot;:&quot;{ec8030f7-c20a-464f-9b0e-13a3a9e97384}&quot;,&quot;minVersion&quot;:&quot;47.0.1&quot;,&quot;maxVersion&quot;:&quot;47.0.1&quot;}],&quot;targetPlatforms&quot;:[],&quot;seen&quot;:true}
1537505295761	addons.xpi	DEBUG	getModTime: Recursive scan of {972ce4c6-7e08-4474-a285-3208198ce6fd}
1537505295771	DeferredSave.extensions.json	DEBUG	Save changes
1537505295772	addons.xpi	DEBUG	Updating database with changes to installed add-ons
1537505295772	addons.xpi-utils	DEBUG	Updating add-on states
1537505295779	addons.xpi-utils	DEBUG	Writing add-ons list
1537505295796	addons.xpi	DEBUG	Registering manifest for C:\Program Files\Mozilla Firefox\browser\features\e10srollout@mozilla.org.xpi
1537505295799	addons.xpi	DEBUG	Calling bootstrap method startup on e10srollout@mozilla.org version 1.0
1537505295799	addons.xpi	DEBUG	Registering manifest for C:\Program Files\Mozilla Firefox\browser\features\firefox@getpocket.com.xpi
1537505295802	addons.xpi	DEBUG	Calling bootstrap method startup on firefox@getpocket.com version 1.0.2
1537505295803	addons.xpi	DEBUG	Registering manifest for C:\Program Files\Mozilla Firefox\browser\features\loop@mozilla.org.xpi
1537505295812	addons.xpi	DEBUG	Calling bootstrap method startup on loop@mozilla.org version 1.3.2
1537505297216	addons.manager	DEBUG	Registering shutdown blocker for XPIProvider
1537505297218	addons.manager	DEBUG	Provider finished startup: XPIProvider
1537505297218	addons.manager	DEBUG	Starting provider: LightweightThemeManager
1537505297218	addons.manager	DEBUG	Registering shutdown blocker for LightweightThemeManager
1537505297219	addons.manager	DEBUG	Provider finished startup: LightweightThemeManager
1537505297221	addons.manager	DEBUG	Starting provider: GMPProvider
1537505297282	addons.manager	DEBUG	Registering shutdown blocker for GMPProvider
1537505297283	addons.manager	DEBUG	Provider finished startup: GMPProvider
1537505297283	addons.manager	DEBUG	Starting provider: PluginProvider
1537505297283	addons.manager	DEBUG	Registering shutdown blocker for PluginProvider
1537505297284	addons.manager	DEBUG	Provider finished startup: PluginProvider
1537505297285	addons.manager	DEBUG	Completed startup sequence
1537505303828	addons.manager	DEBUG	Starting provider: &lt;unnamed-provider&gt;
1537505303828	addons.manager	DEBUG	Registering shutdown blocker for &lt;unnamed-provider&gt;
1537505303829	addons.manager	DEBUG	Provider finished startup: &lt;unnamed-provider&gt;
1537505307036	DeferredSave.extensions.json	DEBUG	Write succeeded
1537505307037	addons.xpi-utils	DEBUG	XPI Database saved, setting schema version preference to 17
1537505307037	DeferredSave.extensions.json	DEBUG	Starting timer
1537505307059	DeferredSave.extensions.json	DEBUG	Starting write
1537505311679	addons.repository	DEBUG	No addons.json found.
1537505311681	DeferredSave.addons.json	DEBUG	Save changes
1537505311745	DeferredSave.addons.json	DEBUG	Starting timer
1537505315195	addons.manager	DEBUG	Starting provider: PreviousExperimentProvider
1537505315196	addons.manager	DEBUG	Registering shutdown blocker for PreviousExperimentProvider
1537505315196	addons.manager	DEBUG	Provider finished startup: PreviousExperimentProvider
1537505315688	DeferredSave.addons.json	DEBUG	Starting write

Build info: version: &apos;2.53.1&apos;, revision: &apos;a36b8b1cd5757287168e54b817830adce9b0158d&apos;, time: &apos;2016-06-30 19:26:09&apos;
System info: host: &apos;Admin-PC&apos;, ip: &apos;192.168.1.6&apos;, os.name: &apos;Windows 10&apos;, os.arch: &apos;x86&apos;, os.version: &apos;10.0&apos;, java.version: &apos;1.8.0_131&apos;
Driver info: driver.version: FirefoxDriver
	at org.openqa.selenium.firefox.internal.NewProfileExtensionConnection.start(NewProfileExtensionConnection.java:125)
	at org.openqa.selenium.firefox.FirefoxDriver.startClient(FirefoxDriver.java:271)
	at org.openqa.selenium.remote.RemoteWebDriver.&lt;init&gt;(RemoteWebDriver.java:119)
	at org.openqa.selenium.firefox.FirefoxDriver.&lt;init&gt;(FirefoxDriver.java:216)
	at org.openqa.selenium.firefox.FirefoxDriver.&lt;init&gt;(FirefoxDriver.java:211)
	at org.openqa.selenium.firefox.FirefoxDriver.&lt;init&gt;(FirefoxDriver.java:207)
	at org.openqa.selenium.firefox.FirefoxDriver.&lt;init&gt;(FirefoxDriver.java:120)
	at com.crm.qa.base.TestBase.initialization(TestBase.java:59)
	at testcases.ContactsPageTest.setUp(ContactsPageTest.java:27)
	at org.apache.maven.surefire.testng.TestNGExecutor.run(TestNGExecutor.java:77)
	at org.apache.maven.surefire.testng.TestNGDirectoryTestSuite.executeMulti(TestNGDirectoryTestSuite.java:159)
	at org.apache.maven.surefire.testng.TestNGDirectoryTestSuite.execute(TestNGDirectoryTestSuite.java:99)
	at org.apache.maven.surefire.testng.TestNGProvider.invoke(TestNGProvider.java:106)
	at org.apache.maven.surefire.util.ReflectionUtils.invokeMethodWithArray(ReflectionUtils.java:189)
	at org.apache.maven.surefire.booter.ProviderFactory$ProviderProxy.invoke(ProviderFactory.java:165)
	at org.apache.maven.surefire.booter.ProviderFactory.invokeProvider(ProviderFactory.java:85)
	at org.apache.maven.surefire.booter.ForkedBooter.runSuitesInProcess(ForkedBooter.java:115)
	at org.apache.maven.surefire.booter.ForkedBooter.main(ForkedBooter.java:75)
Caused by: org.openqa.selenium.firefox.NotConnectedException: Unable to connect to host 127.0.0.1 on port 7055 after 45000 ms. Firefox console output:
4-a285-3208198ce6fd}&quot;,&quot;syncGUID&quot;:&quot;hH91N_n638G_&quot;,&quot;location&quot;:&quot;app-global&quot;,&quot;version&quot;:&quot;47.0.1&quot;,&quot;type&quot;:&quot;theme&quot;,&quot;internalName&quot;:&quot;classic/1.0&quot;,&quot;updateURL&quot;:null,&quot;updateKey&quot;:null,&quot;optionsURL&quot;:null,&quot;optionsType&quot;:null,&quot;aboutURL&quot;:null,&quot;icons&quot;:{&quot;32&quot;:&quot;icon.png&quot;,&quot;48&quot;:&quot;icon.png&quot;},&quot;iconURL&quot;:null,&quot;icon64URL&quot;:null,&quot;defaultLocale&quot;:{&quot;name&quot;:&quot;Default&quot;,&quot;description&quot;:&quot;The default theme.&quot;,&quot;creator&quot;:&quot;Mozilla&quot;,&quot;homepageURL&quot;:null,&quot;contributors&quot;:[&quot;Mozilla Contributors&quot;]},&quot;visible&quot;:true,&quot;active&quot;:true,&quot;userDisabled&quot;:false,&quot;appDisabled&quot;:false,&quot;descriptor&quot;:&quot;C:\\Program Files\\Mozilla Firefox\\browser\\extensions\\{972ce4c6-7e08-4474-a285-3208198ce6fd}.xpi&quot;,&quot;installDate&quot;:1466734942000,&quot;updateDate&quot;:1466734942000,&quot;applyBackgroundUpdates&quot;:1,&quot;skinnable&quot;:true,&quot;size&quot;:22012,&quot;sourceURI&quot;:null,&quot;releaseNotesURI&quot;:null,&quot;softDisabled&quot;:false,&quot;foreignInstall&quot;:false,&quot;hasBinaryComponents&quot;:false,&quot;strictCompatibility&quot;:true,&quot;locales&quot;:[],&quot;targetApplications&quot;:[{&quot;id&quot;:&quot;{ec8030f7-c20a-464f-9b0e-13a3a9e97384}&quot;,&quot;minVersion&quot;:&quot;47.0.1&quot;,&quot;maxVersion&quot;:&quot;47.0.1&quot;}],&quot;targetPlatforms&quot;:[],&quot;seen&quot;:true}
1537505295761	addons.xpi	DEBUG	getModTime: Recursive scan of {972ce4c6-7e08-4474-a285-3208198ce6fd}
1537505295771	DeferredSave.extensions.json	DEBUG	Save changes
1537505295772	addons.xpi	DEBUG	Updating database with changes to installed add-ons
1537505295772	addons.xpi-utils	DEBUG	Updating add-on states
1537505295779	addons.xpi-utils	DEBUG	Writing add-ons list
1537505295796	addons.xpi	DEBUG	Registering manifest for C:\Program Files\Mozilla Firefox\browser\features\e10srollout@mozilla.org.xpi
1537505295799	addons.xpi	DEBUG	Calling bootstrap method startup on e10srollout@mozilla.org version 1.0
1537505295799	addons.xpi	DEBUG	Registering manifest for C:\Program Files\Mozilla Firefox\browser\features\firefox@getpocket.com.xpi
1537505295802	addons.xpi	DEBUG	Calling bootstrap method startup on firefox@getpocket.com version 1.0.2
1537505295803	addons.xpi	DEBUG	Registering manifest for C:\Program Files\Mozilla Firefox\browser\features\loop@mozilla.org.xpi
1537505295812	addons.xpi	DEBUG	Calling bootstrap method startup on loop@mozilla.org version 1.3.2
1537505297216	addons.manager	DEBUG	Registering shutdown blocker for XPIProvider
1537505297218	addons.manager	DEBUG	Provider finished startup: XPIProvider
1537505297218	addons.manager	DEBUG	Starting provider: LightweightThemeManager
1537505297218	addons.manager	DEBUG	Registering shutdown blocker for LightweightThemeManager
1537505297219	addons.manager	DEBUG	Provider finished startup: LightweightThemeManager
1537505297221	addons.manager	DEBUG	Starting provider: GMPProvider
1537505297282	addons.manager	DEBUG	Registering shutdown blocker for GMPProvider
1537505297283	addons.manager	DEBUG	Provider finished startup: GMPProvider
1537505297283	addons.manager	DEBUG	Starting provider: PluginProvider
1537505297283	addons.manager	DEBUG	Registering shutdown blocker for PluginProvider
1537505297284	addons.manager	DEBUG	Provider finished startup: PluginProvider
1537505297285	addons.manager	DEBUG	Completed startup sequence
1537505303828	addons.manager	DEBUG	Starting provider: &lt;unnamed-provider&gt;
1537505303828	addons.manager	DEBUG	Registering shutdown blocker for &lt;unnamed-provider&gt;
1537505303829	addons.manager	DEBUG	Provider finished startup: &lt;unnamed-provider&gt;
1537505307036	DeferredSave.extensions.json	DEBUG	Write succeeded
1537505307037	addons.xpi-utils	DEBUG	XPI Database saved, setting schema version preference to 17
1537505307037	DeferredSave.extensions.json	DEBUG	Starting timer
1537505307059	DeferredSave.extensions.json	DEBUG	Starting write
1537505311679	addons.repository	DEBUG	No addons.json found.
1537505311681	DeferredSave.addons.json	DEBUG	Save changes
1537505311745	DeferredSave.addons.json	DEBUG	Starting timer
1537505315195	addons.manager	DEBUG	Starting provider: PreviousExperimentProvider
1537505315196	addons.manager	DEBUG	Registering shutdown blocker for PreviousExperimentProvider
1537505315196	addons.manager	DEBUG	Provider finished startup: PreviousExperimentProvider
1537505315688	DeferredSave.addons.json	DEBUG	Starting write

	at org.openqa.selenium.firefox.internal.NewProfileExtensionConnection.start(NewProfileExtensionConnection.java:113)
	... 44 more
... Removed 27 stack frames</pre></div><a href='#' onClick='toggleBox("stack-trace17371922", this, "Click to show all stack frames", "Click to hide stack frames")'>Click to show all stack frames</a>
<div class='stack-trace' id='stack-trace17371922'><pre>org.openqa.selenium.WebDriverException: Failed to connect to binary FirefoxBinary(C:\Program Files\Mozilla Firefox\firefox.exe) on port 7055; process output follows: 
4-a285-3208198ce6fd}&quot;,&quot;syncGUID&quot;:&quot;hH91N_n638G_&quot;,&quot;location&quot;:&quot;app-global&quot;,&quot;version&quot;:&quot;47.0.1&quot;,&quot;type&quot;:&quot;theme&quot;,&quot;internalName&quot;:&quot;classic/1.0&quot;,&quot;updateURL&quot;:null,&quot;updateKey&quot;:null,&quot;optionsURL&quot;:null,&quot;optionsType&quot;:null,&quot;aboutURL&quot;:null,&quot;icons&quot;:{&quot;32&quot;:&quot;icon.png&quot;,&quot;48&quot;:&quot;icon.png&quot;},&quot;iconURL&quot;:null,&quot;icon64URL&quot;:null,&quot;defaultLocale&quot;:{&quot;name&quot;:&quot;Default&quot;,&quot;description&quot;:&quot;The default theme.&quot;,&quot;creator&quot;:&quot;Mozilla&quot;,&quot;homepageURL&quot;:null,&quot;contributors&quot;:[&quot;Mozilla Contributors&quot;]},&quot;visible&quot;:true,&quot;active&quot;:true,&quot;userDisabled&quot;:false,&quot;appDisabled&quot;:false,&quot;descriptor&quot;:&quot;C:\\Program Files\\Mozilla Firefox\\browser\\extensions\\{972ce4c6-7e08-4474-a285-3208198ce6fd}.xpi&quot;,&quot;installDate&quot;:1466734942000,&quot;updateDate&quot;:1466734942000,&quot;applyBackgroundUpdates&quot;:1,&quot;skinnable&quot;:true,&quot;size&quot;:22012,&quot;sourceURI&quot;:null,&quot;releaseNotesURI&quot;:null,&quot;softDisabled&quot;:false,&quot;foreignInstall&quot;:false,&quot;hasBinaryComponents&quot;:false,&quot;strictCompatibility&quot;:true,&quot;locales&quot;:[],&quot;targetApplications&quot;:[{&quot;id&quot;:&quot;{ec8030f7-c20a-464f-9b0e-13a3a9e97384}&quot;,&quot;minVersion&quot;:&quot;47.0.1&quot;,&quot;maxVersion&quot;:&quot;47.0.1&quot;}],&quot;targetPlatforms&quot;:[],&quot;seen&quot;:true}
1537505295761	addons.xpi	DEBUG	getModTime: Recursive scan of {972ce4c6-7e08-4474-a285-3208198ce6fd}
1537505295771	DeferredSave.extensions.json	DEBUG	Save changes
1537505295772	addons.xpi	DEBUG	Updating database with changes to installed add-ons
1537505295772	addons.xpi-utils	DEBUG	Updating add-on states
1537505295779	addons.xpi-utils	DEBUG	Writing add-ons list
1537505295796	addons.xpi	DEBUG	Registering manifest for C:\Program Files\Mozilla Firefox\browser\features\e10srollout@mozilla.org.xpi
1537505295799	addons.xpi	DEBUG	Calling bootstrap method startup on e10srollout@mozilla.org version 1.0
1537505295799	addons.xpi	DEBUG	Registering manifest for C:\Program Files\Mozilla Firefox\browser\features\firefox@getpocket.com.xpi
1537505295802	addons.xpi	DEBUG	Calling bootstrap method startup on firefox@getpocket.com version 1.0.2
1537505295803	addons.xpi	DEBUG	Registering manifest for C:\Program Files\Mozilla Firefox\browser\features\loop@mozilla.org.xpi
1537505295812	addons.xpi	DEBUG	Calling bootstrap method startup on loop@mozilla.org version 1.3.2
1537505297216	addons.manager	DEBUG	Registering shutdown blocker for XPIProvider
1537505297218	addons.manager	DEBUG	Provider finished startup: XPIProvider
1537505297218	addons.manager	DEBUG	Starting provider: LightweightThemeManager
1537505297218	addons.manager	DEBUG	Registering shutdown blocker for LightweightThemeManager
1537505297219	addons.manager	DEBUG	Provider finished startup: LightweightThemeManager
1537505297221	addons.manager	DEBUG	Starting provider: GMPProvider
1537505297282	addons.manager	DEBUG	Registering shutdown blocker for GMPProvider
1537505297283	addons.manager	DEBUG	Provider finished startup: GMPProvider
1537505297283	addons.manager	DEBUG	Starting provider: PluginProvider
1537505297283	addons.manager	DEBUG	Registering shutdown blocker for PluginProvider
1537505297284	addons.manager	DEBUG	Provider finished startup: PluginProvider
1537505297285	addons.manager	DEBUG	Completed startup sequence
1537505303828	addons.manager	DEBUG	Starting provider: &lt;unnamed-provider&gt;
1537505303828	addons.manager	DEBUG	Registering shutdown blocker for &lt;unnamed-provider&gt;
1537505303829	addons.manager	DEBUG	Provider finished startup: &lt;unnamed-provider&gt;
1537505307036	DeferredSave.extensions.json	DEBUG	Write succeeded
1537505307037	addons.xpi-utils	DEBUG	XPI Database saved, setting schema version preference to 17
1537505307037	DeferredSave.extensions.json	DEBUG	Starting timer
1537505307059	DeferredSave.extensions.json	DEBUG	Starting write
1537505311679	addons.repository	DEBUG	No addons.json found.
1537505311681	DeferredSave.addons.json	DEBUG	Save changes
1537505311745	DeferredSave.addons.json	DEBUG	Starting timer
1537505315195	addons.manager	DEBUG	Starting provider: PreviousExperimentProvider
1537505315196	addons.manager	DEBUG	Registering shutdown blocker for PreviousExperimentProvider
1537505315196	addons.manager	DEBUG	Provider finished startup: PreviousExperimentProvider
1537505315688	DeferredSave.addons.json	DEBUG	Starting write

Build info: version: &apos;2.53.1&apos;, revision: &apos;a36b8b1cd5757287168e54b817830adce9b0158d&apos;, time: &apos;2016-06-30 19:26:09&apos;
System info: host: &apos;Admin-PC&apos;, ip: &apos;192.168.1.6&apos;, os.name: &apos;Windows 10&apos;, os.arch: &apos;x86&apos;, os.version: &apos;10.0&apos;, java.version: &apos;1.8.0_131&apos;
Driver info: driver.version: FirefoxDriver
	at org.openqa.selenium.firefox.internal.NewProfileExtensionConnection.start(NewProfileExtensionConnection.java:125)
	at org.openqa.selenium.firefox.FirefoxDriver.startClient(FirefoxDriver.java:271)
	at org.openqa.selenium.remote.RemoteWebDriver.&lt;init&gt;(RemoteWebDriver.java:119)
	at org.openqa.selenium.firefox.FirefoxDriver.&lt;init&gt;(FirefoxDriver.java:216)
	at org.openqa.selenium.firefox.FirefoxDriver.&lt;init&gt;(FirefoxDriver.java:211)
	at org.openqa.selenium.firefox.FirefoxDriver.&lt;init&gt;(FirefoxDriver.java:207)
	at org.openqa.selenium.firefox.FirefoxDriver.&lt;init&gt;(FirefoxDriver.java:120)
	at com.crm.qa.base.TestBase.initialization(TestBase.java:59)
	at testcases.ContactsPageTest.setUp(ContactsPageTest.java:27)
	at sun.reflect.NativeMethodAccessorImpl.invoke0(Native Method)
	at sun.reflect.NativeMethodAccessorImpl.invoke(NativeMethodAccessorImpl.java:62)
	at sun.reflect.DelegatingMethodAccessorImpl.invoke(DelegatingMethodAccessorImpl.java:43)
	at java.lang.reflect.Method.invoke(Method.java:498)
	at org.testng.internal.MethodInvocationHelper.invokeMethod(MethodInvocationHelper.java:80)
	at org.testng.internal.Invoker.invokeConfigurationMethod(Invoker.java:564)
	at org.testng.internal.Invoker.invokeConfigurations(Invoker.java:213)
	at org.testng.internal.Invoker.invokeMethod(Invoker.java:653)
	at org.testng.internal.Invoker.invokeTestMethod(Invoker.java:901)
	at org.testng.internal.Invoker.invokeTestMethods(Invoker.java:1231)
	at org.testng.internal.TestMethodWorker.invokeTestMethods(TestMethodWorker.java:127)
	at org.testng.internal.TestMethodWorker.run(TestMethodWorker.java:111)
	at org.testng.TestRunner.privateRun(TestRunner.java:767)
	at org.testng.TestRunner.run(TestRunner.java:617)
	at org.testng.SuiteRunner.runTest(SuiteRunner.java:334)
	at org.testng.SuiteRunner.runSequentially(SuiteRunner.java:329)
	at org.testng.SuiteRunner.privateRun(SuiteRunner.java:291)
	at org.testng.SuiteRunner.run(SuiteRunner.java:240)
	at org.testng.SuiteRunnerWorker.runSuite(SuiteRunnerWorker.java:52)
	at org.testng.SuiteRunnerWorker.run(SuiteRunnerWorker.java:86)
	at org.testng.TestNG.runSuitesSequentially(TestNG.java:1198)
	at org.testng.TestNG.runSuitesLocally(TestNG.java:1123)
	at org.testng.TestNG.run(TestNG.java:1031)
	at org.apache.maven.surefire.testng.TestNGExecutor.run(TestNGExecutor.java:77)
	at org.apache.maven.surefire.testng.TestNGDirectoryTestSuite.executeMulti(TestNGDirectoryTestSuite.java:159)
	at org.apache.maven.surefire.testng.TestNGDirectoryTestSuite.execute(TestNGDirectoryTestSuite.java:99)
	at org.apache.maven.surefire.testng.TestNGProvider.invoke(TestNGProvider.java:106)
	at sun.reflect.NativeMethodAccessorImpl.invoke0(Native Method)
	at sun.reflect.NativeMethodAccessorImpl.invoke(NativeMethodAccessorImpl.java:62)
	at sun.reflect.DelegatingMethodAccessorImpl.invoke(DelegatingMethodAccessorImpl.java:43)
	at java.lang.reflect.Method.invoke(Method.java:498)
	at org.apache.maven.surefire.util.ReflectionUtils.invokeMethodWithArray(ReflectionUtils.java:189)
	at org.apache.maven.surefire.booter.ProviderFactory$ProviderProxy.invoke(ProviderFactory.java:165)
	at org.apache.maven.surefire.booter.ProviderFactory.invokeProvider(ProviderFactory.java:85)
	at org.apache.maven.surefire.booter.ForkedBooter.runSuitesInProcess(ForkedBooter.java:115)
	at org.apache.maven.surefire.booter.ForkedBooter.main(ForkedBooter.java:75)
Caused by: org.openqa.selenium.firefox.NotConnectedException: Unable to connect to host 127.0.0.1 on port 7055 after 45000 ms. Firefox console output:
4-a285-3208198ce6fd}&quot;,&quot;syncGUID&quot;:&quot;hH91N_n638G_&quot;,&quot;location&quot;:&quot;app-global&quot;,&quot;version&quot;:&quot;47.0.1&quot;,&quot;type&quot;:&quot;theme&quot;,&quot;internalName&quot;:&quot;classic/1.0&quot;,&quot;updateURL&quot;:null,&quot;updateKey&quot;:null,&quot;optionsURL&quot;:null,&quot;optionsType&quot;:null,&quot;aboutURL&quot;:null,&quot;icons&quot;:{&quot;32&quot;:&quot;icon.png&quot;,&quot;48&quot;:&quot;icon.png&quot;},&quot;iconURL&quot;:null,&quot;icon64URL&quot;:null,&quot;defaultLocale&quot;:{&quot;name&quot;:&quot;Default&quot;,&quot;description&quot;:&quot;The default theme.&quot;,&quot;creator&quot;:&quot;Mozilla&quot;,&quot;homepageURL&quot;:null,&quot;contributors&quot;:[&quot;Mozilla Contributors&quot;]},&quot;visible&quot;:true,&quot;active&quot;:true,&quot;userDisabled&quot;:false,&quot;appDisabled&quot;:false,&quot;descriptor&quot;:&quot;C:\\Program Files\\Mozilla Firefox\\browser\\extensions\\{972ce4c6-7e08-4474-a285-3208198ce6fd}.xpi&quot;,&quot;installDate&quot;:1466734942000,&quot;updateDate&quot;:1466734942000,&quot;applyBackgroundUpdates&quot;:1,&quot;skinnable&quot;:true,&quot;size&quot;:22012,&quot;sourceURI&quot;:null,&quot;releaseNotesURI&quot;:null,&quot;softDisabled&quot;:false,&quot;foreignInstall&quot;:false,&quot;hasBinaryComponents&quot;:false,&quot;strictCompatibility&quot;:true,&quot;locales&quot;:[],&quot;targetApplications&quot;:[{&quot;id&quot;:&quot;{ec8030f7-c20a-464f-9b0e-13a3a9e97384}&quot;,&quot;minVersion&quot;:&quot;47.0.1&quot;,&quot;maxVersion&quot;:&quot;47.0.1&quot;}],&quot;targetPlatforms&quot;:[],&quot;seen&quot;:true}
1537505295761	addons.xpi	DEBUG	getModTime: Recursive scan of {972ce4c6-7e08-4474-a285-3208198ce6fd}
1537505295771	DeferredSave.extensions.json	DEBUG	Save changes
1537505295772	addons.xpi	DEBUG	Updating database with changes to installed add-ons
1537505295772	addons.xpi-utils	DEBUG	Updating add-on states
1537505295779	addons.xpi-utils	DEBUG	Writing add-ons list
1537505295796	addons.xpi	DEBUG	Registering manifest for C:\Program Files\Mozilla Firefox\browser\features\e10srollout@mozilla.org.xpi
1537505295799	addons.xpi	DEBUG	Calling bootstrap method startup on e10srollout@mozilla.org version 1.0
1537505295799	addons.xpi	DEBUG	Registering manifest for C:\Program Files\Mozilla Firefox\browser\features\firefox@getpocket.com.xpi
1537505295802	addons.xpi	DEBUG	Calling bootstrap method startup on firefox@getpocket.com version 1.0.2
1537505295803	addons.xpi	DEBUG	Registering manifest for C:\Program Files\Mozilla Firefox\browser\features\loop@mozilla.org.xpi
1537505295812	addons.xpi	DEBUG	Calling bootstrap method startup on loop@mozilla.org version 1.3.2
1537505297216	addons.manager	DEBUG	Registering shutdown blocker for XPIProvider
1537505297218	addons.manager	DEBUG	Provider finished startup: XPIProvider
1537505297218	addons.manager	DEBUG	Starting provider: LightweightThemeManager
1537505297218	addons.manager	DEBUG	Registering shutdown blocker for LightweightThemeManager
1537505297219	addons.manager	DEBUG	Provider finished startup: LightweightThemeManager
1537505297221	addons.manager	DEBUG	Starting provider: GMPProvider
1537505297282	addons.manager	DEBUG	Registering shutdown blocker for GMPProvider
1537505297283	addons.manager	DEBUG	Provider finished startup: GMPProvider
1537505297283	addons.manager	DEBUG	Starting provider: PluginProvider
1537505297283	addons.manager	DEBUG	Registering shutdown blocker for PluginProvider
1537505297284	addons.manager	DEBUG	Provider finished startup: PluginProvider
1537505297285	addons.manager	DEBUG	Completed startup sequence
1537505303828	addons.manager	DEBUG	Starting provider: &lt;unnamed-provider&gt;
1537505303828	addons.manager	DEBUG	Registering shutdown blocker for &lt;unnamed-provider&gt;
1537505303829	addons.manager	DEBUG	Provider finished startup: &lt;unnamed-provider&gt;
1537505307036	DeferredSave.extensions.json	DEBUG	Write succeeded
1537505307037	addons.xpi-utils	DEBUG	XPI Database saved, setting schema version preference to 17
1537505307037	DeferredSave.extensions.json	DEBUG	Starting timer
1537505307059	DeferredSave.extensions.json	DEBUG	Starting write
1537505311679	addons.repository	DEBUG	No addons.json found.
1537505311681	DeferredSave.addons.json	DEBUG	Save changes
1537505311745	DeferredSave.addons.json	DEBUG	Starting timer
1537505315195	addons.manager	DEBUG	Starting provider: PreviousExperimentProvider
1537505315196	addons.manager	DEBUG	Registering shutdown blocker for PreviousExperimentProvider
1537505315196	addons.manager	DEBUG	Provider finished startup: PreviousExperimentProvider
1537505315688	DeferredSave.addons.json	DEBUG	Starting write

	at org.openqa.selenium.firefox.internal.NewProfileExtensionConnection.start(NewProfileExtensionConnection.java:113)
	... 44 more
</pre></div></td>
<td>0</td>
<td>testcases.ContactsPageTest@14bef66</td></tr>
</table><p>
<table width='100%' border='1' class='invocation-skipped'>
<tr><td colspan='4' align='center'><b>SKIPPED CONFIGURATIONS</b></td></tr>
<tr><td><b>Test method</b></td>
<td width="30%"><b>Exception</b></td>
<td width="10%"><b>Time (seconds)</b></td>
<td><b>Instance</b></td>
</tr>
<tr>
<td title='testcases.ContactsPageTest.setUp()'><b>setUp</b><br>Test class: testcases.ContactsPageTest</td>
<td></td>
<td>0</td>
<td>testcases.ContactsPageTest@14bef66</td></tr>
<tr>
<td title='testcases.ContactsPageTest.setUp()'><b>setUp</b><br>Test class: testcases.ContactsPageTest</td>
<td></td>
<td>0</td>
<td>testcases.ContactsPageTest@14bef66</td></tr>
<tr>
<td title='testcases.ContactsPageTest.setUp()'><b>setUp</b><br>Test class: testcases.ContactsPageTest</td>
<td></td>
<td>0</td>
<td>testcases.ContactsPageTest@14bef66</td></tr>
<tr>
<td title='testcases.ContactsPageTest.setUp()'><b>setUp</b><br>Test class: testcases.ContactsPageTest</td>
<td></td>
<td>0</td>
<td>testcases.ContactsPageTest@14bef66</td></tr>
<tr>
<td title='testcases.ContactsPageTest.tearDown()'><b>tearDown</b><br>Test class: testcases.ContactsPageTest</td>
<td></td>
<td>0</td>
<td>testcases.ContactsPageTest@14bef66</td></tr>
<tr>
<td title='testcases.ContactsPageTest.tearDown()'><b>tearDown</b><br>Test class: testcases.ContactsPageTest</td>
<td></td>
<td>0</td>
<td>testcases.ContactsPageTest@14bef66</td></tr>
<tr>
<td title='testcases.ContactsPageTest.tearDown()'><b>tearDown</b><br>Test class: testcases.ContactsPageTest</td>
<td></td>
<td>0</td>
<td>testcases.ContactsPageTest@14bef66</td></tr>
<tr>
<td title='testcases.ContactsPageTest.tearDown()'><b>tearDown</b><br>Test class: testcases.ContactsPageTest</td>
<td></td>
<td>0</td>
<td>testcases.ContactsPageTest@14bef66</td></tr>
<tr>
<td title='testcases.ContactsPageTest.tearDown()'><b>tearDown</b><br>Test class: testcases.ContactsPageTest</td>
<td></td>
<td>0</td>
<td>testcases.ContactsPageTest@14bef66</td></tr>
</table><p>
<table width='100%' border='1' class='invocation-passed'>
<tr><td colspan='4' align='center'><b>PASSED TESTS</b></td></tr>
<tr><td><b>Test method</b></td>
<td width="30%"><b>Exception</b></td>
<td width="10%"><b>Time (seconds)</b></td>
<td><b>Instance</b></td>
</tr>
<tr>
<td title='testcases.LoginPageTest.crmLogoTest()'><b>crmLogoTest</b><br>Test class: testcases.LoginPageTest</td>
<td></td>
<td>1</td>
<td>testcases.LoginPageTest@1fb3ab6</td></tr>
<tr>
<td title='testcases.LoginPageTest.loginTest()'><b>loginTest</b><br>Test class: testcases.LoginPageTest</td>
<td></td>
<td>4</td>
<td>testcases.LoginPageTest@1fb3ab6</td></tr>
<tr>
<td title='testcases.LoginPageTest.testFeautureLink()'><b>testFeautureLink</b><br>Test class: testcases.LoginPageTest</td>
<td></td>
<td>28</td>
<td>testcases.LoginPageTest@1fb3ab6</td></tr>
<tr>
<td title='testcases.LoginPageTest.validateTitleTest()'><b>validateTitleTest</b><br>Test class: testcases.LoginPageTest</td>
<td></td>
<td>2</td>
<td>testcases.LoginPageTest@1fb3ab6</td></tr>
<tr>
<td title='testcases.HomePageTest.verifyContactsLinkTest()'><b>verifyContactsLinkTest</b><br>Test class: testcases.HomePageTest</td>
<td></td>
<td>8</td>
<td>testcases.HomePageTest@1a485d2</td></tr>
<tr>
<td title='testcases.HomePageTest.verifyHomePageTitleTest()'><b>verifyHomePageTitleTest</b><br>Test class: testcases.HomePageTest</td>
<td></td>
<td>0</td>
<td>testcases.HomePageTest@1a485d2</td></tr>
<tr>
<td title='testcases.HomePageTest.verifyUserNameTest()'><b>verifyUserNameTest</b><br>Test class: testcases.HomePageTest</td>
<td></td>
<td>8</td>
<td>testcases.HomePageTest@1a485d2</td></tr>
</table><p>
<table width='100%' border='1' class='invocation-skipped'>
<tr><td colspan='4' align='center'><b>SKIPPED TESTS</b></td></tr>
<tr><td><b>Test method</b></td>
<td width="30%"><b>Exception</b></td>
<td width="10%"><b>Time (seconds)</b></td>
<td><b>Instance</b></td>
</tr>
<tr>
<td title='testcases.ContactsPageTest.selectMultipleContactTest()'><b>selectMultipleContactTest</b><br>Test class: testcases.ContactsPageTest</td>
<td></td>
<td>0</td>
<td>testcases.ContactsPageTest@14bef66</td></tr>
<tr>
<td title='testcases.ContactsPageTest.selectSingleContactTest()'><b>selectSingleContactTest</b><br>Test class: testcases.ContactsPageTest</td>
<td></td>
<td>0</td>
<td>testcases.ContactsPageTest@14bef66</td></tr>
<tr>
<td title='testcases.ContactsPageTest.validateCreatenewContact()'><b>validateCreatenewContact</b><br>Test class: testcases.ContactsPageTest<br>Parameters: Mr., Tom, Kumar, Amazon</td>
<td></td>
<td>0</td>
<td>testcases.ContactsPageTest@14bef66</td></tr>
<tr>
<td title='testcases.ContactsPageTest.validateCreatenewContact()'><b>validateCreatenewContact</b><br>Test class: testcases.ContactsPageTest<br>Parameters: Dr., David, Kumar, Google</td>
<td></td>
<td>0</td>
<td>testcases.ContactsPageTest@14bef66</td></tr>
<tr>
<td title='testcases.ContactsPageTest.validateCreatenewContact()'><b>validateCreatenewContact</b><br>Test class: testcases.ContactsPageTest<br>Parameters: Mrs., Shreya, Kumari, Microsoft</td>
<td></td>
<td>0</td>
<td>testcases.ContactsPageTest@14bef66</td></tr>
</table><p>
</body>
</html>