<?xml version="1.0" encoding="UTF-8"?>
<testng-results skipped="5" failed="0" total="12" passed="7">
  <reporter-output>
  </reporter-output>
  <suite name="Command line suite" duration-ms="557495" started-at="2018-09-21T04:47:34Z" finished-at="2018-09-21T04:56:51Z">
    <groups>
    </groups>
    <test name="Command line test" duration-ms="557495" started-at="2018-09-21T04:47:34Z" finished-at="2018-09-21T04:56:51Z">
      <class name="testcases.ContactsPageTest">
        <test-method status="FAIL" signature="setUp()[pri:0, instance:testcases.ContactsPageTest@14bef66]" name="setUp" is-config="true" duration-ms="0" started-at="2018-09-21T10:17:37Z" finished-at="2018-09-21T10:17:37Z">
          <exception class="org.openqa.selenium.WebDriverException">
            <message>
              <![CDATA[Failed to connect to binary FirefoxBinary(C:\Program Files\Mozilla Firefox\firefox.exe) on port 7055; process output follows: 
4-a285-3208198ce6fd}","syncGUID":"hH91N_n638G_","location":"app-global","version":"47.0.1","type":"theme","internalName":"classic/1.0","updateURL":null,"updateKey":null,"optionsURL":null,"optionsType":null,"aboutURL":null,"icons":{"32":"icon.png","48":"icon.png"},"iconURL":null,"icon64URL":null,"defaultLocale":{"name":"Default","description":"The default theme.","creator":"Mozilla","homepageURL":null,"contributors":["Mozilla Contributors"]},"visible":true,"active":true,"userDisabled":false,"appDisabled":false,"descriptor":"C:\\Program Files\\Mozilla Firefox\\browser\\extensions\\{972ce4c6-7e08-4474-a285-3208198ce6fd}.xpi","installDate":1466734942000,"updateDate":1466734942000,"applyBackgroundUpdates":1,"skinnable":true,"size":22012,"sourceURI":null,"releaseNotesURI":null,"softDisabled":false,"foreignInstall":false,"hasBinaryComponents":false,"strictCompatibility":true,"locales":[],"targetApplications":[{"id":"{ec8030f7-c20a-464f-9b0e-13a3a9e97384}","minVersion":"47.0.1","maxVersion":"47.0.1"}],"targetPlatforms":[],"seen":true}
1537505295761	addons.xpi	DEBUG	getModTime: Recursive scan of {972ce4c6-7e08-4474-a285-3208198ce6fd}
1537505295771	DeferredSave.extensions.json	DEBUG	Save changes
1537505295772	addons.xpi	DEBUG	Updating database with changes to installed add-ons
1537505295772	addons.xpi-utils	DEBUG	Updating add-on states
1537505295779	addons.xpi-utils	DEBUG	Writing add-ons list
1537505295796	addons.xpi	DEBUG	Registering manifest for C:\Program Files\Mozilla Firefox\browser\features\e10srollout@mozilla.org.xpi
1537505295799	addons.xpi	DEBUG	Calling bootstrap method startup on e10srollout@mozilla.org version 1.0
1537505295799	addons.xpi	DEBUG	Registering manifest for C:\Program Files\Mozilla Firefox\browser\features\firefox@getpocket.com.xpi
1537505295802	addons.xpi	DEBUG	Calling bootstrap method startup on firefox@getpocket.com version 1.0.2
1537505295803	addons.xpi	DEBUG	Registering manifest for C:\Program Files\Mozilla Firefox\browser\features\loop@mozilla.org.xpi
1537505295812	addons.xpi	DEBUG	Calling bootstrap method startup on loop@mozilla.org version 1.3.2
1537505297216	addons.manager	DEBUG	Registering shutdown blocker for XPIProvider
1537505297218	addons.manager	DEBUG	Provider finished startup: XPIProvider
1537505297218	addons.manager	DEBUG	Starting provider: LightweightThemeManager
1537505297218	addons.manager	DEBUG	Registering shutdown blocker for LightweightThemeManager
1537505297219	addons.manager	DEBUG	Provider finished startup: LightweightThemeManager
1537505297221	addons.manager	DEBUG	Starting provider: GMPProvider
1537505297282	addons.manager	DEBUG	Registering shutdown blocker for GMPProvider
1537505297283	addons.manager	DEBUG	Provider finished startup: GMPProvider
1537505297283	addons.manager	DEBUG	Starting provider: PluginProvider
1537505297283	addons.manager	DEBUG	Registering shutdown blocker for PluginProvider
1537505297284	addons.manager	DEBUG	Provider finished startup: PluginProvider
1537505297285	addons.manager	DEBUG	Completed startup sequence
1537505303828	addons.manager	DEBUG	Starting provider: <unnamed-provider>
1537505303828	addons.manager	DEBUG	Registering shutdown blocker for <unnamed-provider>
1537505303829	addons.manager	DEBUG	Provider finished startup: <unnamed-provider>
1537505307036	DeferredSave.extensions.json	DEBUG	Write succeeded
1537505307037	addons.xpi-utils	DEBUG	XPI Database saved, setting schema version preference to 17
1537505307037	DeferredSave.extensions.json	DEBUG	Starting timer
1537505307059	DeferredSave.extensions.json	DEBUG	Starting write
1537505311679	addons.repository	DEBUG	No addons.json found.
1537505311681	DeferredSave.addons.json	DEBUG	Save changes
1537505311745	DeferredSave.addons.json	DEBUG	Starting timer
1537505315195	addons.manager	DEBUG	Starting provider: PreviousExperimentProvider
1537505315196	addons.manager	DEBUG	Registering shutdown blocker for PreviousExperimentProvider
1537505315196	addons.manager	DEBUG	Provider finished startup: PreviousExperimentProvider
1537505315688	DeferredSave.addons.json	DEBUG	Starting write

Build info: version: '2.53.1', revision: 'a36b8b1cd5757287168e54b817830adce9b0158d', time: '2016-06-30 19:26:09'
System info: host: 'Admin-PC', ip: '192.168.1.6', os.name: 'Windows 10', os.arch: 'x86', os.version: '10.0', java.version: '1.8.0_131'
Driver info: driver.version: FirefoxDriver]]>
            </message>
            <full-stacktrace>
              <![CDATA[org.openqa.selenium.WebDriverException: Failed to connect to binary FirefoxBinary(C:\Program Files\Mozilla Firefox\firefox.exe) on port 7055; process output follows: 
4-a285-3208198ce6fd}","syncGUID":"hH91N_n638G_","location":"app-global","version":"47.0.1","type":"theme","internalName":"classic/1.0","updateURL":null,"updateKey":null,"optionsURL":null,"optionsType":null,"aboutURL":null,"icons":{"32":"icon.png","48":"icon.png"},"iconURL":null,"icon64URL":null,"defaultLocale":{"name":"Default","description":"The default theme.","creator":"Mozilla","homepageURL":null,"contributors":["Mozilla Contributors"]},"visible":true,"active":true,"userDisabled":false,"appDisabled":false,"descriptor":"C:\\Program Files\\Mozilla Firefox\\browser\\extensions\\{972ce4c6-7e08-4474-a285-3208198ce6fd}.xpi","installDate":1466734942000,"updateDate":1466734942000,"applyBackgroundUpdates":1,"skinnable":true,"size":22012,"sourceURI":null,"releaseNotesURI":null,"softDisabled":false,"foreignInstall":false,"hasBinaryComponents":false,"strictCompatibility":true,"locales":[],"targetApplications":[{"id":"{ec8030f7-c20a-464f-9b0e-13a3a9e97384}","minVersion":"47.0.1","maxVersion":"47.0.1"}],"targetPlatforms":[],"seen":true}
1537505295761	addons.xpi	DEBUG	getModTime: Recursive scan of {972ce4c6-7e08-4474-a285-3208198ce6fd}
1537505295771	DeferredSave.extensions.json	DEBUG	Save changes
1537505295772	addons.xpi	DEBUG	Updating database with changes to installed add-ons
1537505295772	addons.xpi-utils	DEBUG	Updating add-on states
1537505295779	addons.xpi-utils	DEBUG	Writing add-ons list
1537505295796	addons.xpi	DEBUG	Registering manifest for C:\Program Files\Mozilla Firefox\browser\features\e10srollout@mozilla.org.xpi
1537505295799	addons.xpi	DEBUG	Calling bootstrap method startup on e10srollout@mozilla.org version 1.0
1537505295799	addons.xpi	DEBUG	Registering manifest for C:\Program Files\Mozilla Firefox\browser\features\firefox@getpocket.com.xpi
1537505295802	addons.xpi	DEBUG	Calling bootstrap method startup on firefox@getpocket.com version 1.0.2
1537505295803	addons.xpi	DEBUG	Registering manifest for C:\Program Files\Mozilla Firefox\browser\features\loop@mozilla.org.xpi
1537505295812	addons.xpi	DEBUG	Calling bootstrap method startup on loop@mozilla.org version 1.3.2
1537505297216	addons.manager	DEBUG	Registering shutdown blocker for XPIProvider
1537505297218	addons.manager	DEBUG	Provider finished startup: XPIProvider
1537505297218	addons.manager	DEBUG	Starting provider: LightweightThemeManager
1537505297218	addons.manager	DEBUG	Registering shutdown blocker for LightweightThemeManager
1537505297219	addons.manager	DEBUG	Provider finished startup: LightweightThemeManager
1537505297221	addons.manager	DEBUG	Starting provider: GMPProvider
1537505297282	addons.manager	DEBUG	Registering shutdown blocker for GMPProvider
1537505297283	addons.manager	DEBUG	Provider finished startup: GMPProvider
1537505297283	addons.manager	DEBUG	Starting provider: PluginProvider
1537505297283	addons.manager	DEBUG	Registering shutdown blocker for PluginProvider
1537505297284	addons.manager	DEBUG	Provider finished startup: PluginProvider
1537505297285	addons.manager	DEBUG	Completed startup sequence
1537505303828	addons.manager	DEBUG	Starting provider: <unnamed-provider>
1537505303828	addons.manager	DEBUG	Registering shutdown blocker for <unnamed-provider>
1537505303829	addons.manager	DEBUG	Provider finished startup: <unnamed-provider>
1537505307036	DeferredSave.extensions.json	DEBUG	Write succeeded
1537505307037	addons.xpi-utils	DEBUG	XPI Database saved, setting schema version preference to 17
1537505307037	DeferredSave.extensions.json	DEBUG	Starting timer
1537505307059	DeferredSave.extensions.json	DEBUG	Starting write
1537505311679	addons.repository	DEBUG	No addons.json found.
1537505311681	DeferredSave.addons.json	DEBUG	Save changes
1537505311745	DeferredSave.addons.json	DEBUG	Starting timer
1537505315195	addons.manager	DEBUG	Starting provider: PreviousExperimentProvider
1537505315196	addons.manager	DEBUG	Registering shutdown blocker for PreviousExperimentProvider
1537505315196	addons.manager	DEBUG	Provider finished startup: PreviousExperimentProvider
1537505315688	DeferredSave.addons.json	DEBUG	Starting write

Build info: version: '2.53.1', revision: 'a36b8b1cd5757287168e54b817830adce9b0158d', time: '2016-06-30 19:26:09'
System info: host: 'Admin-PC', ip: '192.168.1.6', os.name: 'Windows 10', os.arch: 'x86', os.version: '10.0', java.version: '1.8.0_131'
Driver info: driver.version: FirefoxDriver
	at org.openqa.selenium.firefox.internal.NewProfileExtensionConnection.start(NewProfileExtensionConnection.java:125)
	at org.openqa.selenium.firefox.FirefoxDriver.startClient(FirefoxDriver.java:271)
	at org.openqa.selenium.remote.RemoteWebDriver.<init>(RemoteWebDriver.java:119)
	at org.openqa.selenium.firefox.FirefoxDriver.<init>(FirefoxDriver.java:216)
	at org.openqa.selenium.firefox.FirefoxDriver.<init>(FirefoxDriver.java:211)
	at org.openqa.selenium.firefox.FirefoxDriver.<init>(FirefoxDriver.java:207)
	at org.openqa.selenium.firefox.FirefoxDriver.<init>(FirefoxDriver.java:120)
	at com.crm.qa.base.TestBase.initialization(TestBase.java:59)
	at testcases.ContactsPageTest.setUp(ContactsPageTest.java:27)
	at sun.reflect.NativeMethodAccessorImpl.invoke0(Native Method)
	at sun.reflect.NativeMethodAccessorImpl.invoke(NativeMethodAccessorImpl.java:62)
	at sun.reflect.DelegatingMethodAccessorImpl.invoke(DelegatingMethodAccessorImpl.java:43)
	at java.lang.reflect.Method.invoke(Method.java:498)
	at org.testng.internal.MethodInvocationHelper.invokeMethod(MethodInvocationHelper.java:80)
	at org.testng.internal.Invoker.invokeConfigurationMethod(Invoker.java:564)
	at org.testng.internal.Invoker.invokeConfigurations(Invoker.java:213)
	at org.testng.internal.Invoker.invokeMethod(Invoker.java:653)
	at org.testng.internal.Invoker.invokeTestMethod(Invoker.java:901)
	at org.testng.internal.Invoker.invokeTestMethods(Invoker.java:1231)
	at org.testng.internal.TestMethodWorker.invokeTestMethods(TestMethodWorker.java:127)
	at org.testng.internal.TestMethodWorker.run(TestMethodWorker.java:111)
	at org.testng.TestRunner.privateRun(TestRunner.java:767)
	at org.testng.TestRunner.run(TestRunner.java:617)
	at org.testng.SuiteRunner.runTest(SuiteRunner.java:334)
	at org.testng.SuiteRunner.runSequentially(SuiteRunner.java:329)
	at org.testng.SuiteRunner.privateRun(SuiteRunner.java:291)
	at org.testng.SuiteRunner.run(SuiteRunner.java:240)
	at org.testng.SuiteRunnerWorker.runSuite(SuiteRunnerWorker.java:52)
	at org.testng.SuiteRunnerWorker.run(SuiteRunnerWorker.java:86)
	at org.testng.TestNG.runSuitesSequentially(TestNG.java:1198)
	at org.testng.TestNG.runSuitesLocally(TestNG.java:1123)
	at org.testng.TestNG.run(TestNG.java:1031)
	at org.apache.maven.surefire.testng.TestNGExecutor.run(TestNGExecutor.java:77)
	at org.apache.maven.surefire.testng.TestNGDirectoryTestSuite.executeMulti(TestNGDirectoryTestSuite.java:159)
	at org.apache.maven.surefire.testng.TestNGDirectoryTestSuite.execute(TestNGDirectoryTestSuite.java:99)
	at org.apache.maven.surefire.testng.TestNGProvider.invoke(TestNGProvider.java:106)
	at sun.reflect.NativeMethodAccessorImpl.invoke0(Native Method)
	at sun.reflect.NativeMethodAccessorImpl.invoke(NativeMethodAccessorImpl.java:62)
	at sun.reflect.DelegatingMethodAccessorImpl.invoke(DelegatingMethodAccessorImpl.java:43)
	at java.lang.reflect.Method.invoke(Method.java:498)
	at org.apache.maven.surefire.util.ReflectionUtils.invokeMethodWithArray(ReflectionUtils.java:189)
	at org.apache.maven.surefire.booter.ProviderFactory$ProviderProxy.invoke(ProviderFactory.java:165)
	at org.apache.maven.surefire.booter.ProviderFactory.invokeProvider(ProviderFactory.java:85)
	at org.apache.maven.surefire.booter.ForkedBooter.runSuitesInProcess(ForkedBooter.java:115)
	at org.apache.maven.surefire.booter.ForkedBooter.main(ForkedBooter.java:75)
Caused by: org.openqa.selenium.firefox.NotConnectedException: Unable to connect to host 127.0.0.1 on port 7055 after 45000 ms. Firefox console output:
4-a285-3208198ce6fd}","syncGUID":"hH91N_n638G_","location":"app-global","version":"47.0.1","type":"theme","internalName":"classic/1.0","updateURL":null,"updateKey":null,"optionsURL":null,"optionsType":null,"aboutURL":null,"icons":{"32":"icon.png","48":"icon.png"},"iconURL":null,"icon64URL":null,"defaultLocale":{"name":"Default","description":"The default theme.","creator":"Mozilla","homepageURL":null,"contributors":["Mozilla Contributors"]},"visible":true,"active":true,"userDisabled":false,"appDisabled":false,"descriptor":"C:\\Program Files\\Mozilla Firefox\\browser\\extensions\\{972ce4c6-7e08-4474-a285-3208198ce6fd}.xpi","installDate":1466734942000,"updateDate":1466734942000,"applyBackgroundUpdates":1,"skinnable":true,"size":22012,"sourceURI":null,"releaseNotesURI":null,"softDisabled":false,"foreignInstall":false,"hasBinaryComponents":false,"strictCompatibility":true,"locales":[],"targetApplications":[{"id":"{ec8030f7-c20a-464f-9b0e-13a3a9e97384}","minVersion":"47.0.1","maxVersion":"47.0.1"}],"targetPlatforms":[],"seen":true}
1537505295761	addons.xpi	DEBUG	getModTime: Recursive scan of {972ce4c6-7e08-4474-a285-3208198ce6fd}
1537505295771	DeferredSave.extensions.json	DEBUG	Save changes
1537505295772	addons.xpi	DEBUG	Updating database with changes to installed add-ons
1537505295772	addons.xpi-utils	DEBUG	Updating add-on states
1537505295779	addons.xpi-utils	DEBUG	Writing add-ons list
1537505295796	addons.xpi	DEBUG	Registering manifest for C:\Program Files\Mozilla Firefox\browser\features\e10srollout@mozilla.org.xpi
1537505295799	addons.xpi	DEBUG	Calling bootstrap method startup on e10srollout@mozilla.org version 1.0
1537505295799	addons.xpi	DEBUG	Registering manifest for C:\Program Files\Mozilla Firefox\browser\features\firefox@getpocket.com.xpi
1537505295802	addons.xpi	DEBUG	Calling bootstrap method startup on firefox@getpocket.com version 1.0.2
1537505295803	addons.xpi	DEBUG	Registering manifest for C:\Program Files\Mozilla Firefox\browser\features\loop@mozilla.org.xpi
1537505295812	addons.xpi	DEBUG	Calling bootstrap method startup on loop@mozilla.org version 1.3.2
1537505297216	addons.manager	DEBUG	Registering shutdown blocker for XPIProvider
1537505297218	addons.manager	DEBUG	Provider finished startup: XPIProvider
1537505297218	addons.manager	DEBUG	Starting provider: LightweightThemeManager
1537505297218	addons.manager	DEBUG	Registering shutdown blocker for LightweightThemeManager
1537505297219	addons.manager	DEBUG	Provider finished startup: LightweightThemeManager
1537505297221	addons.manager	DEBUG	Starting provider: GMPProvider
1537505297282	addons.manager	DEBUG	Registering shutdown blocker for GMPProvider
1537505297283	addons.manager	DEBUG	Provider finished startup: GMPProvider
1537505297283	addons.manager	DEBUG	Starting provider: PluginProvider
1537505297283	addons.manager	DEBUG	Registering shutdown blocker for PluginProvider
1537505297284	addons.manager	DEBUG	Provider finished startup: PluginProvider
1537505297285	addons.manager	DEBUG	Completed startup sequence
1537505303828	addons.manager	DEBUG	Starting provider: <unnamed-provider>
1537505303828	addons.manager	DEBUG	Registering shutdown blocker for <unnamed-provider>
1537505303829	addons.manager	DEBUG	Provider finished startup: <unnamed-provider>
1537505307036	DeferredSave.extensions.json	DEBUG	Write succeeded
1537505307037	addons.xpi-utils	DEBUG	XPI Database saved, setting schema version preference to 17
1537505307037	DeferredSave.extensions.json	DEBUG	Starting timer
1537505307059	DeferredSave.extensions.json	DEBUG	Starting write
1537505311679	addons.repository	DEBUG	No addons.json found.
1537505311681	DeferredSave.addons.json	DEBUG	Save changes
1537505311745	DeferredSave.addons.json	DEBUG	Starting timer
1537505315195	addons.manager	DEBUG	Starting provider: PreviousExperimentProvider
1537505315196	addons.manager	DEBUG	Registering shutdown blocker for PreviousExperimentProvider
1537505315196	addons.manager	DEBUG	Provider finished startup: PreviousExperimentProvider
1537505315688	DeferredSave.addons.json	DEBUG	Starting write

	at org.openqa.selenium.firefox.internal.NewProfileExtensionConnection.start(NewProfileExtensionConnection.java:113)
	... 44 more
]]>
            </full-stacktrace>
          </exception> <!-- org.openqa.selenium.WebDriverException -->
          <reporter-output>
          </reporter-output>
        </test-method> <!-- setUp -->
        <test-method status="SKIP" signature="validateCreatenewContact(java.lang.String, java.lang.String, java.lang.String, java.lang.String)[pri:0, instance:testcases.ContactsPageTest@14bef66]" name="validateCreatenewContact" duration-ms="3" started-at="2018-09-21T10:18:55Z" data-provider="getCRMTestData" finished-at="2018-09-21T10:18:55Z">
          <params>
            <param index="0">
              <value>
                <![CDATA[Mr.]]>
              </value>
            </param>
            <param index="1">
              <value>
                <![CDATA[Tom]]>
              </value>
            </param>
            <param index="2">
              <value>
                <![CDATA[Kumar]]>
              </value>
            </param>
            <param index="3">
              <value>
                <![CDATA[Amazon]]>
              </value>
            </param>
          </params>
          <reporter-output>
          </reporter-output>
        </test-method> <!-- validateCreatenewContact -->
        <test-method status="SKIP" signature="tearDown()[pri:0, instance:testcases.ContactsPageTest@14bef66]" name="tearDown" is-config="true" duration-ms="0" started-at="2018-09-21T10:18:55Z" finished-at="2018-09-21T10:18:55Z">
          <reporter-output>
          </reporter-output>
        </test-method> <!-- tearDown -->
        <test-method status="SKIP" signature="setUp()[pri:0, instance:testcases.ContactsPageTest@14bef66]" name="setUp" is-config="true" duration-ms="0" started-at="2018-09-21T10:18:55Z" finished-at="2018-09-21T10:18:55Z">
          <reporter-output>
          </reporter-output>
        </test-method> <!-- setUp -->
        <test-method status="SKIP" signature="setUp()[pri:0, instance:testcases.ContactsPageTest@14bef66]" name="setUp" is-config="true" duration-ms="0" started-at="2018-09-21T10:18:55Z" finished-at="2018-09-21T10:18:55Z">
          <reporter-output>
          </reporter-output>
        </test-method> <!-- setUp -->
        <test-method status="SKIP" signature="validateCreatenewContact(java.lang.String, java.lang.String, java.lang.String, java.lang.String)[pri:0, instance:testcases.ContactsPageTest@14bef66]" name="validateCreatenewContact" duration-ms="0" started-at="2018-09-21T10:18:55Z" data-provider="getCRMTestData" finished-at="2018-09-21T10:18:55Z">
          <params>
            <param index="0">
              <value>
                <![CDATA[Dr.]]>
              </value>
            </param>
            <param index="1">
              <value>
                <![CDATA[David]]>
              </value>
            </param>
            <param index="2">
              <value>
                <![CDATA[Kumar]]>
              </value>
            </param>
            <param index="3">
              <value>
                <![CDATA[Google]]>
              </value>
            </param>
          </params>
          <reporter-output>
          </reporter-output>
        </test-method> <!-- validateCreatenewContact -->
        <test-method status="SKIP" signature="tearDown()[pri:0, instance:testcases.ContactsPageTest@14bef66]" name="tearDown" is-config="true" duration-ms="0" started-at="2018-09-21T10:18:55Z" finished-at="2018-09-21T10:18:55Z">
          <reporter-output>
          </reporter-output>
        </test-method> <!-- tearDown -->
        <test-method status="SKIP" signature="validateCreatenewContact(java.lang.String, java.lang.String, java.lang.String, java.lang.String)[pri:0, instance:testcases.ContactsPageTest@14bef66]" name="validateCreatenewContact" duration-ms="1" started-at="2018-09-21T10:18:55Z" data-provider="getCRMTestData" finished-at="2018-09-21T10:18:55Z">
          <params>
            <param index="0">
              <value>
                <![CDATA[Mrs.]]>
              </value>
            </param>
            <param index="1">
              <value>
                <![CDATA[Shreya]]>
              </value>
            </param>
            <param index="2">
              <value>
                <![CDATA[Kumari]]>
              </value>
            </param>
            <param index="3">
              <value>
                <![CDATA[Microsoft]]>
              </value>
            </param>
          </params>
          <reporter-output>
          </reporter-output>
        </test-method> <!-- validateCreatenewContact -->
        <test-method status="SKIP" signature="setUp()[pri:0, instance:testcases.ContactsPageTest@14bef66]" name="setUp" is-config="true" duration-ms="0" started-at="2018-09-21T10:18:55Z" finished-at="2018-09-21T10:18:55Z">
          <reporter-output>
          </reporter-output>
        </test-method> <!-- setUp -->
        <test-method status="SKIP" signature="tearDown()[pri:0, instance:testcases.ContactsPageTest@14bef66]" name="tearDown" is-config="true" duration-ms="0" started-at="2018-09-21T10:18:55Z" finished-at="2018-09-21T10:18:55Z">
          <reporter-output>
          </reporter-output>
        </test-method> <!-- tearDown -->
        <test-method status="SKIP" signature="selectSingleContactTest()[pri:0, instance:testcases.ContactsPageTest@14bef66]" name="selectSingleContactTest" duration-ms="0" started-at="2018-09-21T10:18:55Z" finished-at="2018-09-21T10:18:55Z">
          <reporter-output>
          </reporter-output>
        </test-method> <!-- selectSingleContactTest -->
        <test-method status="SKIP" signature="tearDown()[pri:0, instance:testcases.ContactsPageTest@14bef66]" name="tearDown" is-config="true" duration-ms="0" started-at="2018-09-21T10:18:55Z" finished-at="2018-09-21T10:18:55Z">
          <reporter-output>
          </reporter-output>
        </test-method> <!-- tearDown -->
        <test-method status="SKIP" signature="selectMultipleContactTest()[pri:0, instance:testcases.ContactsPageTest@14bef66]" name="selectMultipleContactTest" duration-ms="1" started-at="2018-09-21T10:20:58Z" finished-at="2018-09-21T10:20:58Z">
          <reporter-output>
          </reporter-output>
        </test-method> <!-- selectMultipleContactTest -->
        <test-method status="SKIP" signature="setUp()[pri:0, instance:testcases.ContactsPageTest@14bef66]" name="setUp" is-config="true" duration-ms="0" started-at="2018-09-21T10:20:58Z" finished-at="2018-09-21T10:20:58Z">
          <reporter-output>
          </reporter-output>
        </test-method> <!-- setUp -->
        <test-method status="SKIP" signature="tearDown()[pri:0, instance:testcases.ContactsPageTest@14bef66]" name="tearDown" is-config="true" duration-ms="0" started-at="2018-09-21T10:20:58Z" finished-at="2018-09-21T10:20:58Z">
          <reporter-output>
          </reporter-output>
        </test-method> <!-- tearDown -->
      </class> <!-- testcases.ContactsPageTest -->
      <class name="testcases.HomePageTest">
        <test-method status="PASS" signature="setUp()[pri:0, instance:testcases.HomePageTest@1a485d2]" name="setUp" is-config="true" duration-ms="93845" started-at="2018-09-21T10:18:55Z" finished-at="2018-09-21T10:20:28Z">
          <reporter-output>
          </reporter-output>
        </test-method> <!-- setUp -->
        <test-method status="PASS" signature="verifyHomePageTitleTest()[pri:0, instance:testcases.HomePageTest@1a485d2]" name="verifyHomePageTitleTest" duration-ms="239" started-at="2018-09-21T10:20:28Z" finished-at="2018-09-21T10:20:29Z">
          <reporter-output>
          </reporter-output>
        </test-method> <!-- verifyHomePageTitleTest -->
        <test-method status="PASS" signature="tearDown()[pri:0, instance:testcases.HomePageTest@1a485d2]" name="tearDown" is-config="true" duration-ms="1941" started-at="2018-09-21T10:20:29Z" finished-at="2018-09-21T10:20:31Z">
          <reporter-output>
          </reporter-output>
        </test-method> <!-- tearDown -->
        <test-method status="PASS" signature="setUp()[pri:0, instance:testcases.HomePageTest@1a485d2]" name="setUp" is-config="true" duration-ms="100845" started-at="2018-09-21T10:20:58Z" finished-at="2018-09-21T10:22:38Z">
          <reporter-output>
          </reporter-output>
        </test-method> <!-- setUp -->
        <test-method status="PASS" signature="verifyUserNameTest()[pri:0, instance:testcases.HomePageTest@1a485d2]" name="verifyUserNameTest" duration-ms="8757" started-at="2018-09-21T10:22:38Z" finished-at="2018-09-21T10:22:47Z">
          <reporter-output>
          </reporter-output>
        </test-method> <!-- verifyUserNameTest -->
        <test-method status="PASS" signature="tearDown()[pri:0, instance:testcases.HomePageTest@1a485d2]" name="tearDown" is-config="true" duration-ms="4869" started-at="2018-09-21T10:22:47Z" finished-at="2018-09-21T10:22:52Z">
          <reporter-output>
          </reporter-output>
        </test-method> <!-- tearDown -->
        <test-method status="PASS" signature="setUp()[pri:0, instance:testcases.HomePageTest@1a485d2]" name="setUp" is-config="true" duration-ms="51979" started-at="2018-09-21T10:23:56Z" finished-at="2018-09-21T10:24:48Z">
          <reporter-output>
          </reporter-output>
        </test-method> <!-- setUp -->
        <test-method status="PASS" signature="verifyContactsLinkTest()[pri:0, instance:testcases.HomePageTest@1a485d2]" name="verifyContactsLinkTest" duration-ms="8432" started-at="2018-09-21T10:24:48Z" finished-at="2018-09-21T10:24:56Z">
          <reporter-output>
          </reporter-output>
        </test-method> <!-- verifyContactsLinkTest -->
        <test-method status="PASS" signature="tearDown()[pri:0, instance:testcases.HomePageTest@1a485d2]" name="tearDown" is-config="true" duration-ms="1033" started-at="2018-09-21T10:24:56Z" finished-at="2018-09-21T10:24:57Z">
          <reporter-output>
          </reporter-output>
        </test-method> <!-- tearDown -->
      </class> <!-- testcases.HomePageTest -->
      <class name="testcases.LoginPageTest">
        <test-method status="PASS" signature="setUp()[pri:0, instance:testcases.LoginPageTest@1fb3ab6]" name="setUp" is-config="true" duration-ms="24506" started-at="2018-09-21T10:20:31Z" finished-at="2018-09-21T10:20:55Z">
          <reporter-output>
          </reporter-output>
        </test-method> <!-- setUp -->
        <test-method status="PASS" signature="crmLogoTest()[pri:0, instance:testcases.LoginPageTest@1fb3ab6]" name="crmLogoTest" duration-ms="1060" started-at="2018-09-21T10:20:55Z" finished-at="2018-09-21T10:20:56Z">
          <reporter-output>
          </reporter-output>
        </test-method> <!-- crmLogoTest -->
        <test-method status="PASS" signature="tearDown()[pri:0, instance:testcases.LoginPageTest@1fb3ab6]" name="tearDown" is-config="true" duration-ms="1510" started-at="2018-09-21T10:20:56Z" finished-at="2018-09-21T10:20:58Z">
          <reporter-output>
          </reporter-output>
        </test-method> <!-- tearDown -->
        <test-method status="PASS" signature="setUp()[pri:0, instance:testcases.LoginPageTest@1fb3ab6]" name="setUp" is-config="true" duration-ms="60118" started-at="2018-09-21T10:22:52Z" finished-at="2018-09-21T10:23:52Z">
          <reporter-output>
          </reporter-output>
        </test-method> <!-- setUp -->
        <test-method status="PASS" signature="validateTitleTest()[pri:0, instance:testcases.LoginPageTest@1fb3ab6]" name="validateTitleTest" duration-ms="2074" started-at="2018-09-21T10:23:52Z" finished-at="2018-09-21T10:23:54Z">
          <reporter-output>
          </reporter-output>
        </test-method> <!-- validateTitleTest -->
        <test-method status="PASS" signature="tearDown()[pri:0, instance:testcases.LoginPageTest@1fb3ab6]" name="tearDown" is-config="true" duration-ms="1715" started-at="2018-09-21T10:23:54Z" finished-at="2018-09-21T10:23:56Z">
          <reporter-output>
          </reporter-output>
        </test-method> <!-- tearDown -->
        <test-method status="PASS" signature="setUp()[pri:0, instance:testcases.LoginPageTest@1fb3ab6]" name="setUp" is-config="true" duration-ms="23578" started-at="2018-09-21T10:24:57Z" finished-at="2018-09-21T10:25:21Z">
          <reporter-output>
          </reporter-output>
        </test-method> <!-- setUp -->
        <test-method status="PASS" signature="loginTest()[pri:0, instance:testcases.LoginPageTest@1fb3ab6]" name="loginTest" duration-ms="4726" started-at="2018-09-21T10:25:21Z" finished-at="2018-09-21T10:25:26Z">
          <reporter-output>
          </reporter-output>
        </test-method> <!-- loginTest -->
        <test-method status="PASS" signature="tearDown()[pri:0, instance:testcases.LoginPageTest@1fb3ab6]" name="tearDown" is-config="true" duration-ms="1240" started-at="2018-09-21T10:25:26Z" finished-at="2018-09-21T10:25:27Z">
          <reporter-output>
          </reporter-output>
        </test-method> <!-- tearDown -->
        <test-method status="PASS" signature="setUp()[pri:0, instance:testcases.LoginPageTest@1fb3ab6]" name="setUp" is-config="true" duration-ms="51628" started-at="2018-09-21T10:25:27Z" finished-at="2018-09-21T10:26:19Z">
          <reporter-output>
          </reporter-output>
        </test-method> <!-- setUp -->
        <test-method status="PASS" signature="testFeautureLink()[pri:0, instance:testcases.LoginPageTest@1fb3ab6]" name="testFeautureLink" duration-ms="28466" started-at="2018-09-21T10:26:19Z" finished-at="2018-09-21T10:26:47Z">
          <reporter-output>
          </reporter-output>
        </test-method> <!-- testFeautureLink -->
        <test-method status="PASS" signature="tearDown()[pri:0, instance:testcases.LoginPageTest@1fb3ab6]" name="tearDown" is-config="true" duration-ms="3986" started-at="2018-09-21T10:26:47Z" finished-at="2018-09-21T10:26:51Z">
          <reporter-output>
          </reporter-output>
        </test-method> <!-- tearDown -->
      </class> <!-- testcases.LoginPageTest -->
    </test> <!-- Command line test -->
  </suite> <!-- Command line suite -->
</testng-results>
