<?xml version="1.0" encoding="UTF-8" ?>
<testsuite tests="22" failures="1" name="TestSuite" time="146.764" errors="0" skipped="14">
  <properties>
    <property name="java.vendor" value="Oracle Corporation"/>
    <property name="JOB_NAME" value="POM_Sep18"/>
    <property name="sun.java.launcher" value="SUN_STANDARD"/>
    <property name="NUMBER_OF_PROCESSORS" value="2"/>
    <property name="sun.management.compiler" value="HotSpot Client Compiler"/>
    <property name="JENKINS_HOME" value="C:\Users\Admin\.jenkins"/>
    <property name="FPS_BROWSER_USER_PROFILE_STRING" value="Default"/>
    <property name="HUDSON_SERVER_COOKIE" value="10c0377f2369340d"/>
    <property name="POM_ARTIFACTID" value="POM_FreeCRM_OnlineBatch_Sep2018"/>
    <property name="os.name" value="Windows 10"/>
    <property name="sun.boot.class.path" value="C:\Program Files\Java\jdk1.8.0_131\jre\lib\resources.jar;C:\Program Files\Java\jdk1.8.0_131\jre\lib\rt.jar;C:\Program Files\Java\jdk1.8.0_131\jre\lib\sunrsasign.jar;C:\Program Files\Java\jdk1.8.0_131\jre\lib\jsse.jar;C:\Program Files\Java\jdk1.8.0_131\jre\lib\jce.jar;C:\Program Files\Java\jdk1.8.0_131\jre\lib\charsets.jar;C:\Program Files\Java\jdk1.8.0_131\jre\lib\jfr.jar;C:\Program Files\Java\jdk1.8.0_131\jre\classes"/>
    <property name="EXECUTOR_NUMBER" value="0"/>
    <property name="sun.desktop" value="windows"/>
    <property name="PATHEXT" value=".COM;.EXE;.BAT;.CMD;.VBS;.VBE;.JS;.JSE;.WSF;.WSH;.MSC"/>
    <property name="java.vm.specification.vendor" value="Oracle Corporation"/>
    <property name="POM_DISPLAYNAME" value="POM_FreeCRM_OnlineBatch_Sep2018"/>
    <property name="NODE_LABELS" value="master"/>
    <property name="TEMP" value="C:\Users\Admin\AppData\Local\Temp"/>
    <property name="java.runtime.version" value="1.8.0_131-b11"/>
    <property name="FPS_BROWSER_APP_PROFILE_STRING" value="Internet Explorer"/>
    <property name="ANT_HOME" value="C:\apache-ant-1.8.4"/>
    <property name="JAVA_Home" value="C:\Program Files\Java\jdk1.8.0_131"/>
    <property name="user.name" value="Admin"/>
    <property name="guice.disable.misplaced.annotation.check" value="true"/>
    <property name="ProgramFiles" value="C:\Program Files"/>
    <property name="PROMPT" value="$P$G"/>
    <property name="user.language" value="en"/>
    <property name="JOB_BASE_NAME" value="POM_Sep18"/>
    <property name="RUN_CHANGES_DISPLAY_URL" value="http://localhost:8080/job/POM_Sep18/2/display/redirect?page=changes"/>
    <property name="BUILD_DISPLAY_NAME" value="#2"/>
    <property name="OneDrive" value="C:\Users\Admin\OneDrive"/>
    <property name="sun.boot.library.path" value="C:\Program Files\Java\jdk1.8.0_131\jre\bin"/>
    <property name="LOCALAPPDATA" value="C:\Users\Admin\AppData\Local"/>
    <property name="java.version" value="1.8.0_131"/>
    <property name="PROCESSOR_LEVEL" value="6"/>
    <property name="user.timezone" value="Asia/Calcutta"/>
    <property name="USERNAME" value="Admin"/>
    <property name="sun.arch.data.model" value="32"/>
    <property name="NODE_NAME" value="master"/>
    <property name="java.endorsed.dirs" value="C:\Program Files\Java\jdk1.8.0_131\jre\lib\endorsed"/>
    <property name="BUILD_ID" value="2"/>
    <property name="sun.cpu.isalist" value="pentium_pro+mmx pentium_pro pentium+mmx pentium i486 i386 i86"/>
    <property name="sun.jnu.encoding" value="Cp1252"/>
    <property name="file.encoding.pkg" value="sun.io"/>
    <property name="file.separator" value="\"/>
    <property name="java.specification.name" value="Java Platform API Specification"/>
    <property name="HOMEDRIVE" value="C:"/>
    <property name="M2_Home" value="C:\apache-maven-3.3.9-bin\apache-maven-3.3.9"/>
    <property name="java.class.version" value="52.0"/>
    <property name="=::" value="::\"/>
    <property name="org.slf4j.simpleLogger.defaultLogLevel" value="info"/>
    <property name="user.country" value="US"/>
    <property name="ALLUSERSPROFILE" value="C:\ProgramData"/>
    <property name="java.home" value="C:\Program Files\Java\jdk1.8.0_131\jre"/>
    <property name="java.vm.info" value="mixed mode, sharing"/>
    <property name="os.version" value="10.0"/>
    <property name="=ExitCode" value="00000000"/>
    <property name="RUN_DISPLAY_URL" value="http://localhost:8080/job/POM_Sep18/2/display/redirect"/>
    <property name="POM_VERSION" value="0.0.1-SNAPSHOT"/>
    <property name="TMP" value="C:\Users\Admin\AppData\Local\Temp"/>
    <property name="path.separator" value=";"/>
    <property name="java.vm.version" value="25.131-b11"/>
    <property name="user.variant" value=""/>
    <property name="JOB_DISPLAY_URL" value="http://localhost:8080/job/POM_Sep18/display/redirect"/>
    <property name="USERDOMAIN_ROAMINGPROFILE" value="Admin-PC"/>
    <property name="java.awt.printerjob" value="sun.awt.windows.WPrinterJob"/>
    <property name="FP_NO_HOST_CHECK" value="NO"/>
    <property name="sun.io.unicode.encoding" value="UnicodeLittle"/>
    <property name="CommonProgramFiles" value="C:\Program Files\Common Files"/>
    <property name="ComSpec" value="C:\WINDOWS\system32\cmd.exe"/>
    <property name="awt.toolkit" value="sun.awt.windows.WToolkit"/>
    <property name="HOMEPATH" value="\Users\Admin"/>
    <property name="POM_PACKAGING" value="jar"/>
    <property name="user.script" value=""/>
    <property name="COMPUTERNAME" value="ADMIN-PC"/>
    <property name="GOOGLE_API_KEY" value="no"/>
    <property name="GOOGLE_DEFAULT_CLIENT_SECRET" value="no"/>
    <property name="POM_GROUPID" value="com.qa"/>
    <property name="user.home" value="C:\Users\Admin"/>
    <property name="PUBLIC" value="C:\Users\Public"/>
    <property name="BUILD_TAG" value="jenkins-POM_Sep18-2"/>
    <property name="JENKINS_SERVER_COOKIE" value="10c0377f2369340d"/>
    <property name="=E:" value="E:\Webdriver_May_2018\GIT_pull_Test_CucumberSep18"/>
    <property name="HUDSON_URL" value="http://localhost:8080/"/>
    <property name="ProgramData" value="C:\ProgramData"/>
    <property name="java.specification.vendor" value="Oracle Corporation"/>
    <property name="USERPROFILE" value="C:\Users\Admin"/>
    <property name="CLASSPATH" value=""/>
    <property name="java.vendor.url" value="http://java.oracle.com/"/>
    <property name="java.library.path" value="C:\Program Files\Java\jdk1.8.0_131\bin;C:\WINDOWS\Sun\Java\bin;C:\WINDOWS\system32;C:\WINDOWS;C:\apache-maven-3.3.9-bin\apache-maven-3.3.9/bin;C:\Program Files\Java\jdk1.8.0_131/bin;C:\Program Files\Java\jdk1.8.0_131/bin;C:\ProgramData\Oracle\Java\javapath;C:\WINDOWS\system32;C:\WINDOWS;C:\WINDOWS\System32\Wbem;C:\WINDOWS\System32\WindowsPowerShell\v1.0\;C:\Program Files\Java\jdk1.8.0_131\bin;C:\Program Files\Git\cmd;C:\Program Files\Git\mingw32\bin;C:\Program Files\Git\usr\bin;C:\apache-ant-1.8.4\bin;C:\Program Files\TortoiseSVN\bin;C:\Program Files\nodejs\;C:\WINDOWS\System32\OpenSSH\;C:\apache-maven-3.5.4\bin;C:\Program Files\Java\jdk1.7.0_79\bin;C:\Users\Admin\AppData\Local\Microsoft\WindowsApps;C:\apache-maven-3.3.9-bin\apache-maven-3.3.9\bin;C:\Users\Admin\AppData\Roaming\npm;C:\Program Files\Microsoft VS Code\bin;;."/>
    <property name="java.vm.vendor" value="Oracle Corporation"/>
    <property name="APPDATA" value="C:\Users\Admin\AppData\Roaming"/>
    <property name="java.runtime.name" value="Java(TM) SE Runtime Environment"/>
    <property name="maven.home" value="C:\apache-maven-3.3.9-bin\apache-maven-3.3.9"/>
    <property name="java.class.path" value="C:\Users\Admin\.jenkins\plugins\maven-plugin\WEB-INF\lib\maven33-agent-1.8.1.jar;C:\apache-maven-3.3.9-bin\apache-maven-3.3.9\boot\plexus-classworlds-2.5.2.jar;C:\apache-maven-3.3.9-bin\apache-maven-3.3.9/conf/logging"/>
    <property name="sun.java.command" value="jenkins.maven3.agent.Maven33Main C:\apache-maven-3.3.9-bin\apache-maven-3.3.9 C:\Users\Admin\.jenkins\war\WEB-INF\lib\remoting-3.15.jar C:\Users\Admin\.jenkins\plugins\maven-plugin\WEB-INF\lib\maven33-interceptor-1.8.1.jar C:\Users\Admin\.jenkins\plugins\maven-plugin\WEB-INF\lib\maven3-interceptor-commons-1.8.1.jar 58206"/>
    <property name="Path" value="C:\Program Files\Java\jdk1.8.0_131/bin;C:\ProgramData\Oracle\Java\javapath;C:\WINDOWS\system32;C:\WINDOWS;C:\WINDOWS\System32\Wbem;C:\WINDOWS\System32\WindowsPowerShell\v1.0\;C:\Program Files\Java\jdk1.8.0_131\bin;C:\Program Files\Git\cmd;C:\Program Files\Git\mingw32\bin;C:\Program Files\Git\usr\bin;C:\apache-ant-1.8.4\bin;C:\Program Files\TortoiseSVN\bin;C:\Program Files\nodejs\;C:\WINDOWS\System32\OpenSSH\;C:\apache-maven-3.5.4\bin;C:\Program Files\Java\jdk1.7.0_79\bin;C:\Users\Admin\AppData\Local\Microsoft\WindowsApps;C:\apache-maven-3.3.9-bin\apache-maven-3.3.9\bin;C:\Users\Admin\AppData\Roaming\npm;C:\Program Files\Microsoft VS Code\bin;"/>
    <property name="java.vm.specification.name" value="Java Virtual Machine Specification"/>
    <property name="PROCESSOR_ARCHITECTURE" value="x86"/>
    <property name="PATH+JDK" value="C:\Program Files\Java\jdk1.8.0_131/bin"/>
    <property name="PROCESSOR_IDENTIFIER" value="x86 Family 6 Model 23 Stepping 10, GenuineIntel"/>
    <property name="SESSIONNAME" value="Console"/>
    <property name="java.vm.specification.version" value="1.8"/>
    <property name="sun.os.patch.level" value=""/>
    <property name="sun.cpu.endian" value="little"/>
    <property name="=D:" value="D:\"/>
    <property name="java.io.tmpdir" value="C:\Users\Admin\AppData\Local\Temp\"/>
    <property name="OS" value="Windows_NT"/>
    <property name="HUDSON_HOME" value="C:\Users\Admin\.jenkins"/>
    <property name="PATH+MAVEN" value="C:\apache-maven-3.3.9-bin\apache-maven-3.3.9/bin"/>
    <property name="BUILD_URL" value="http://localhost:8080/job/POM_Sep18/2/"/>
    <property name="java.vendor.url.bug" value="http://bugreport.sun.com/bugreport/"/>
    <property name="java.awt.graphicsenv" value="sun.awt.Win32GraphicsEnvironment"/>
    <property name="os.arch" value="x86"/>
    <property name="SystemRoot" value="C:\WINDOWS"/>
    <property name="java.ext.dirs" value="C:\Program Files\Java\jdk1.8.0_131\jre\lib\ext;C:\WINDOWS\Sun\Java\lib\ext"/>
    <property name="user.dir" value="E:\Webdriver_May_2018\POM_FreeCRM_OnlineBatch_Sep2018"/>
    <property name="JOB_URL" value="http://localhost:8080/job/POM_Sep18/"/>
    <property name="GOOGLE_DEFAULT_CLIENT_ID" value="no"/>
    <property name="LOGONSERVER" value="\\ADMIN-PC"/>
    <property name="USERDOMAIN" value="Admin-PC"/>
    <property name="line.separator" value="
"/>
    <property name="MAVEN_HOME" value="C:\apache-maven-3.3.9-bin\apache-maven-3.3.9"/>
    <property name="java.vm.name" value="Java HotSpot(TM) Client VM"/>
    <property name="BUILD_NUMBER" value="2"/>
    <property name="JENKINS_URL" value="http://localhost:8080/"/>
    <property name="PROCESSOR_REVISION" value="170a"/>
    <property name="windir" value="C:\WINDOWS"/>
    <property name="=C:" value="C:\jenkins_new"/>
    <property name="file.encoding" value="Cp1252"/>
    <property name="SystemDrive" value="C:"/>
    <property name="maven3.interceptor" value="C:\Users\Admin\.jenkins\plugins\maven-plugin\WEB-INF\lib\maven33-interceptor-1.8.1.jar"/>
    <property name="WORKSPACE" value="C:\Users\Admin\.jenkins\workspace\POM_Sep18"/>
    <property name="maven3.interceptor.common" value="C:\Users\Admin\.jenkins\plugins\maven-plugin\WEB-INF\lib\maven3-interceptor-commons-1.8.1.jar"/>
    <property name="java.specification.version" value="1.8"/>
    <property name="PSModulePath" value="C:\WINDOWS\system32\WindowsPowerShell\v1.0\Modules\;C:\Program Files\AutoIt3\AutoItX"/>
    <property name="DriverData" value="C:\Windows\System32\Drivers\DriverData"/>
  </properties>
  <testcase classname="testcases.ContactsPageTest" name="setUp" time="90.47">
    <failure message="Failed to connect to binary FirefoxBinary(C:\Program Files\Mozilla Firefox\firefox.exe) on port 7055; process output follows: 
4-a285-3208198ce6fd}&quot;,&quot;syncGUID&quot;:&quot;hH91N_n638G_&quot;,&quot;location&quot;:&quot;app-global&quot;,&quot;version&quot;:&quot;47.0.1&quot;,&quot;type&quot;:&quot;theme&quot;,&quot;internalName&quot;:&quot;classic/1.0&quot;,&quot;updateURL&quot;:null,&quot;updateKey&quot;:null,&quot;optionsURL&quot;:null,&quot;optionsType&quot;:null,&quot;aboutURL&quot;:null,&quot;icons&quot;:{&quot;32&quot;:&quot;icon.png&quot;,&quot;48&quot;:&quot;icon.png&quot;},&quot;iconURL&quot;:null,&quot;icon64URL&quot;:null,&quot;defaultLocale&quot;:{&quot;name&quot;:&quot;Default&quot;,&quot;description&quot;:&quot;The default theme.&quot;,&quot;creator&quot;:&quot;Mozilla&quot;,&quot;homepageURL&quot;:null,&quot;contributors&quot;:[&quot;Mozilla Contributors&quot;]},&quot;visible&quot;:true,&quot;active&quot;:true,&quot;userDisabled&quot;:false,&quot;appDisabled&quot;:false,&quot;descriptor&quot;:&quot;C:\\Program Files\\Mozilla Firefox\\browser\\extensions\\{972ce4c6-7e08-4474-a285-3208198ce6fd}.xpi&quot;,&quot;installDate&quot;:1466734942000,&quot;updateDate&quot;:1466734942000,&quot;applyBackgroundUpdates&quot;:1,&quot;skinnable&quot;:true,&quot;size&quot;:22012,&quot;sourceURI&quot;:null,&quot;releaseNotesURI&quot;:null,&quot;softDisabled&quot;:false,&quot;foreignInstall&quot;:false,&quot;hasBinaryComponents&quot;:false,&quot;strictCompatibility&quot;:true,&quot;locales&quot;:[],&quot;targetApplications&quot;:[{&quot;id&quot;:&quot;{ec8030f7-c20a-464f-9b0e-13a3a9e97384}&quot;,&quot;minVersion&quot;:&quot;47.0.1&quot;,&quot;maxVersion&quot;:&quot;47.0.1&quot;}],&quot;targetPlatforms&quot;:[],&quot;seen&quot;:true}
1537505295761	addons.xpi	DEBUG	getModTime: Recursive scan of {972ce4c6-7e08-4474-a285-3208198ce6fd}
1537505295771	DeferredSave.extensions.json	DEBUG	Save changes
1537505295772	addons.xpi	DEBUG	Updating database with changes to installed add-ons
1537505295772	addons.xpi-utils	DEBUG	Updating add-on states
1537505295779	addons.xpi-utils	DEBUG	Writing add-ons list
1537505295796	addons.xpi	DEBUG	Registering manifest for C:\Program Files\Mozilla Firefox\browser\features\e10srollout@mozilla.org.xpi
1537505295799	addons.xpi	DEBUG	Calling bootstrap method startup on e10srollout@mozilla.org version 1.0
1537505295799	addons.xpi	DEBUG	Registering manifest for C:\Program Files\Mozilla Firefox\browser\features\firefox@getpocket.com.xpi
1537505295802	addons.xpi	DEBUG	Calling bootstrap method startup on firefox@getpocket.com version 1.0.2
1537505295803	addons.xpi	DEBUG	Registering manifest for C:\Program Files\Mozilla Firefox\browser\features\loop@mozilla.org.xpi
1537505295812	addons.xpi	DEBUG	Calling bootstrap method startup on loop@mozilla.org version 1.3.2
1537505297216	addons.manager	DEBUG	Registering shutdown blocker for XPIProvider
1537505297218	addons.manager	DEBUG	Provider finished startup: XPIProvider
1537505297218	addons.manager	DEBUG	Starting provider: LightweightThemeManager
1537505297218	addons.manager	DEBUG	Registering shutdown blocker for LightweightThemeManager
1537505297219	addons.manager	DEBUG	Provider finished startup: LightweightThemeManager
1537505297221	addons.manager	DEBUG	Starting provider: GMPProvider
1537505297282	addons.manager	DEBUG	Registering shutdown blocker for GMPProvider
1537505297283	addons.manager	DEBUG	Provider finished startup: GMPProvider
1537505297283	addons.manager	DEBUG	Starting provider: PluginProvider
1537505297283	addons.manager	DEBUG	Registering shutdown blocker for PluginProvider
1537505297284	addons.manager	DEBUG	Provider finished startup: PluginProvider
1537505297285	addons.manager	DEBUG	Completed startup sequence
1537505303828	addons.manager	DEBUG	Starting provider: &lt;unnamed-provider&gt;
1537505303828	addons.manager	DEBUG	Registering shutdown blocker for &lt;unnamed-provider&gt;
1537505303829	addons.manager	DEBUG	Provider finished startup: &lt;unnamed-provider&gt;
1537505307036	DeferredSave.extensions.json	DEBUG	Write succeeded
1537505307037	addons.xpi-utils	DEBUG	XPI Database saved, setting schema version preference to 17
1537505307037	DeferredSave.extensions.json	DEBUG	Starting timer
1537505307059	DeferredSave.extensions.json	DEBUG	Starting write
1537505311679	addons.repository	DEBUG	No addons.json found.
1537505311681	DeferredSave.addons.json	DEBUG	Save changes
1537505311745	DeferredSave.addons.json	DEBUG	Starting timer
1537505315195	addons.manager	DEBUG	Starting provider: PreviousExperimentProvider
1537505315196	addons.manager	DEBUG	Registering shutdown blocker for PreviousExperimentProvider
1537505315196	addons.manager	DEBUG	Provider finished startup: PreviousExperimentProvider
1537505315688	DeferredSave.addons.json	DEBUG	Starting write

Build info: version: &apos;2.53.1&apos;, revision: &apos;a36b8b1cd5757287168e54b817830adce9b0158d&apos;, time: &apos;2016-06-30 19:26:09&apos;
System info: host: &apos;Admin-PC&apos;, ip: &apos;192.168.1.6&apos;, os.name: &apos;Windows 10&apos;, os.arch: &apos;x86&apos;, os.version: &apos;10.0&apos;, java.version: &apos;1.8.0_131&apos;
Driver info: driver.version: FirefoxDriver" type="org.openqa.selenium.WebDriverException">org.openqa.selenium.WebDriverException: Failed to connect to binary FirefoxBinary(C:\Program Files\Mozilla Firefox\firefox.exe) on port 7055; process output follows: 
4-a285-3208198ce6fd}&quot;,&quot;syncGUID&quot;:&quot;hH91N_n638G_&quot;,&quot;location&quot;:&quot;app-global&quot;,&quot;version&quot;:&quot;47.0.1&quot;,&quot;type&quot;:&quot;theme&quot;,&quot;internalName&quot;:&quot;classic/1.0&quot;,&quot;updateURL&quot;:null,&quot;updateKey&quot;:null,&quot;optionsURL&quot;:null,&quot;optionsType&quot;:null,&quot;aboutURL&quot;:null,&quot;icons&quot;:{&quot;32&quot;:&quot;icon.png&quot;,&quot;48&quot;:&quot;icon.png&quot;},&quot;iconURL&quot;:null,&quot;icon64URL&quot;:null,&quot;defaultLocale&quot;:{&quot;name&quot;:&quot;Default&quot;,&quot;description&quot;:&quot;The default theme.&quot;,&quot;creator&quot;:&quot;Mozilla&quot;,&quot;homepageURL&quot;:null,&quot;contributors&quot;:[&quot;Mozilla Contributors&quot;]},&quot;visible&quot;:true,&quot;active&quot;:true,&quot;userDisabled&quot;:false,&quot;appDisabled&quot;:false,&quot;descriptor&quot;:&quot;C:\\Program Files\\Mozilla Firefox\\browser\\extensions\\{972ce4c6-7e08-4474-a285-3208198ce6fd}.xpi&quot;,&quot;installDate&quot;:1466734942000,&quot;updateDate&quot;:1466734942000,&quot;applyBackgroundUpdates&quot;:1,&quot;skinnable&quot;:true,&quot;size&quot;:22012,&quot;sourceURI&quot;:null,&quot;releaseNotesURI&quot;:null,&quot;softDisabled&quot;:false,&quot;foreignInstall&quot;:false,&quot;hasBinaryComponents&quot;:false,&quot;strictCompatibility&quot;:true,&quot;locales&quot;:[],&quot;targetApplications&quot;:[{&quot;id&quot;:&quot;{ec8030f7-c20a-464f-9b0e-13a3a9e97384}&quot;,&quot;minVersion&quot;:&quot;47.0.1&quot;,&quot;maxVersion&quot;:&quot;47.0.1&quot;}],&quot;targetPlatforms&quot;:[],&quot;seen&quot;:true}
1537505295761	addons.xpi	DEBUG	getModTime: Recursive scan of {972ce4c6-7e08-4474-a285-3208198ce6fd}
1537505295771	DeferredSave.extensions.json	DEBUG	Save changes
1537505295772	addons.xpi	DEBUG	Updating database with changes to installed add-ons
1537505295772	addons.xpi-utils	DEBUG	Updating add-on states
1537505295779	addons.xpi-utils	DEBUG	Writing add-ons list
1537505295796	addons.xpi	DEBUG	Registering manifest for C:\Program Files\Mozilla Firefox\browser\features\e10srollout@mozilla.org.xpi
1537505295799	addons.xpi	DEBUG	Calling bootstrap method startup on e10srollout@mozilla.org version 1.0
1537505295799	addons.xpi	DEBUG	Registering manifest for C:\Program Files\Mozilla Firefox\browser\features\firefox@getpocket.com.xpi
1537505295802	addons.xpi	DEBUG	Calling bootstrap method startup on firefox@getpocket.com version 1.0.2
1537505295803	addons.xpi	DEBUG	Registering manifest for C:\Program Files\Mozilla Firefox\browser\features\loop@mozilla.org.xpi
1537505295812	addons.xpi	DEBUG	Calling bootstrap method startup on loop@mozilla.org version 1.3.2
1537505297216	addons.manager	DEBUG	Registering shutdown blocker for XPIProvider
1537505297218	addons.manager	DEBUG	Provider finished startup: XPIProvider
1537505297218	addons.manager	DEBUG	Starting provider: LightweightThemeManager
1537505297218	addons.manager	DEBUG	Registering shutdown blocker for LightweightThemeManager
1537505297219	addons.manager	DEBUG	Provider finished startup: LightweightThemeManager
1537505297221	addons.manager	DEBUG	Starting provider: GMPProvider
1537505297282	addons.manager	DEBUG	Registering shutdown blocker for GMPProvider
1537505297283	addons.manager	DEBUG	Provider finished startup: GMPProvider
1537505297283	addons.manager	DEBUG	Starting provider: PluginProvider
1537505297283	addons.manager	DEBUG	Registering shutdown blocker for PluginProvider
1537505297284	addons.manager	DEBUG	Provider finished startup: PluginProvider
1537505297285	addons.manager	DEBUG	Completed startup sequence
1537505303828	addons.manager	DEBUG	Starting provider: &lt;unnamed-provider&gt;
1537505303828	addons.manager	DEBUG	Registering shutdown blocker for &lt;unnamed-provider&gt;
1537505303829	addons.manager	DEBUG	Provider finished startup: &lt;unnamed-provider&gt;
1537505307036	DeferredSave.extensions.json	DEBUG	Write succeeded
1537505307037	addons.xpi-utils	DEBUG	XPI Database saved, setting schema version preference to 17
1537505307037	DeferredSave.extensions.json	DEBUG	Starting timer
1537505307059	DeferredSave.extensions.json	DEBUG	Starting write
1537505311679	addons.repository	DEBUG	No addons.json found.
1537505311681	DeferredSave.addons.json	DEBUG	Save changes
1537505311745	DeferredSave.addons.json	DEBUG	Starting timer
1537505315195	addons.manager	DEBUG	Starting provider: PreviousExperimentProvider
1537505315196	addons.manager	DEBUG	Registering shutdown blocker for PreviousExperimentProvider
1537505315196	addons.manager	DEBUG	Provider finished startup: PreviousExperimentProvider
1537505315688	DeferredSave.addons.json	DEBUG	Starting write
Build info: version: &apos;2.53.1&apos;, revision: &apos;a36b8b1cd5757287168e54b817830adce9b0158d&apos;, time: &apos;2016-06-30 19:26:09&apos;
System info: host: &apos;Admin-PC&apos;, ip: &apos;192.168.1.6&apos;, os.name: &apos;Windows 10&apos;, os.arch: &apos;x86&apos;, os.version: &apos;10.0&apos;, java.version: &apos;1.8.0_131&apos;
Driver info: driver.version: FirefoxDriver
	at org.openqa.selenium.firefox.internal.NewProfileExtensionConnection.start(NewProfileExtensionConnection.java:125)
	at org.openqa.selenium.firefox.FirefoxDriver.startClient(FirefoxDriver.java:271)
	at org.openqa.selenium.remote.RemoteWebDriver.&lt;init&gt;(RemoteWebDriver.java:119)
	at org.openqa.selenium.firefox.FirefoxDriver.&lt;init&gt;(FirefoxDriver.java:216)
	at org.openqa.selenium.firefox.FirefoxDriver.&lt;init&gt;(FirefoxDriver.java:211)
	at org.openqa.selenium.firefox.FirefoxDriver.&lt;init&gt;(FirefoxDriver.java:207)
	at org.openqa.selenium.firefox.FirefoxDriver.&lt;init&gt;(FirefoxDriver.java:120)
	at com.crm.qa.base.TestBase.initialization(TestBase.java:59)
	at testcases.ContactsPageTest.setUp(ContactsPageTest.java:27)
Caused by: org.openqa.selenium.firefox.NotConnectedException: Unable to connect to host 127.0.0.1 on port 7055 after 45000 ms. Firefox console output:
4-a285-3208198ce6fd}&quot;,&quot;syncGUID&quot;:&quot;hH91N_n638G_&quot;,&quot;location&quot;:&quot;app-global&quot;,&quot;version&quot;:&quot;47.0.1&quot;,&quot;type&quot;:&quot;theme&quot;,&quot;internalName&quot;:&quot;classic/1.0&quot;,&quot;updateURL&quot;:null,&quot;updateKey&quot;:null,&quot;optionsURL&quot;:null,&quot;optionsType&quot;:null,&quot;aboutURL&quot;:null,&quot;icons&quot;:{&quot;32&quot;:&quot;icon.png&quot;,&quot;48&quot;:&quot;icon.png&quot;},&quot;iconURL&quot;:null,&quot;icon64URL&quot;:null,&quot;defaultLocale&quot;:{&quot;name&quot;:&quot;Default&quot;,&quot;description&quot;:&quot;The default theme.&quot;,&quot;creator&quot;:&quot;Mozilla&quot;,&quot;homepageURL&quot;:null,&quot;contributors&quot;:[&quot;Mozilla Contributors&quot;]},&quot;visible&quot;:true,&quot;active&quot;:true,&quot;userDisabled&quot;:false,&quot;appDisabled&quot;:false,&quot;descriptor&quot;:&quot;C:\\Program Files\\Mozilla Firefox\\browser\\extensions\\{972ce4c6-7e08-4474-a285-3208198ce6fd}.xpi&quot;,&quot;installDate&quot;:1466734942000,&quot;updateDate&quot;:1466734942000,&quot;applyBackgroundUpdates&quot;:1,&quot;skinnable&quot;:true,&quot;size&quot;:22012,&quot;sourceURI&quot;:null,&quot;releaseNotesURI&quot;:null,&quot;softDisabled&quot;:false,&quot;foreignInstall&quot;:false,&quot;hasBinaryComponents&quot;:false,&quot;strictCompatibility&quot;:true,&quot;locales&quot;:[],&quot;targetApplications&quot;:[{&quot;id&quot;:&quot;{ec8030f7-c20a-464f-9b0e-13a3a9e97384}&quot;,&quot;minVersion&quot;:&quot;47.0.1&quot;,&quot;maxVersion&quot;:&quot;47.0.1&quot;}],&quot;targetPlatforms&quot;:[],&quot;seen&quot;:true}
1537505295761	addons.xpi	DEBUG	getModTime: Recursive scan of {972ce4c6-7e08-4474-a285-3208198ce6fd}
1537505295771	DeferredSave.extensions.json	DEBUG	Save changes
1537505295772	addons.xpi	DEBUG	Updating database with changes to installed add-ons
1537505295772	addons.xpi-utils	DEBUG	Updating add-on states
1537505295779	addons.xpi-utils	DEBUG	Writing add-ons list
1537505295796	addons.xpi	DEBUG	Registering manifest for C:\Program Files\Mozilla Firefox\browser\features\e10srollout@mozilla.org.xpi
1537505295799	addons.xpi	DEBUG	Calling bootstrap method startup on e10srollout@mozilla.org version 1.0
1537505295799	addons.xpi	DEBUG	Registering manifest for C:\Program Files\Mozilla Firefox\browser\features\firefox@getpocket.com.xpi
1537505295802	addons.xpi	DEBUG	Calling bootstrap method startup on firefox@getpocket.com version 1.0.2
1537505295803	addons.xpi	DEBUG	Registering manifest for C:\Program Files\Mozilla Firefox\browser\features\loop@mozilla.org.xpi
1537505295812	addons.xpi	DEBUG	Calling bootstrap method startup on loop@mozilla.org version 1.3.2
1537505297216	addons.manager	DEBUG	Registering shutdown blocker for XPIProvider
1537505297218	addons.manager	DEBUG	Provider finished startup: XPIProvider
1537505297218	addons.manager	DEBUG	Starting provider: LightweightThemeManager
1537505297218	addons.manager	DEBUG	Registering shutdown blocker for LightweightThemeManager
1537505297219	addons.manager	DEBUG	Provider finished startup: LightweightThemeManager
1537505297221	addons.manager	DEBUG	Starting provider: GMPProvider
1537505297282	addons.manager	DEBUG	Registering shutdown blocker for GMPProvider
1537505297283	addons.manager	DEBUG	Provider finished startup: GMPProvider
1537505297283	addons.manager	DEBUG	Starting provider: PluginProvider
1537505297283	addons.manager	DEBUG	Registering shutdown blocker for PluginProvider
1537505297284	addons.manager	DEBUG	Provider finished startup: PluginProvider
1537505297285	addons.manager	DEBUG	Completed startup sequence
1537505303828	addons.manager	DEBUG	Starting provider: &lt;unnamed-provider&gt;
1537505303828	addons.manager	DEBUG	Registering shutdown blocker for &lt;unnamed-provider&gt;
1537505303829	addons.manager	DEBUG	Provider finished startup: &lt;unnamed-provider&gt;
1537505307036	DeferredSave.extensions.json	DEBUG	Write succeeded
1537505307037	addons.xpi-utils	DEBUG	XPI Database saved, setting schema version preference to 17
1537505307037	DeferredSave.extensions.json	DEBUG	Starting timer
1537505307059	DeferredSave.extensions.json	DEBUG	Starting write
1537505311679	addons.repository	DEBUG	No addons.json found.
1537505311681	DeferredSave.addons.json	DEBUG	Save changes
1537505311745	DeferredSave.addons.json	DEBUG	Starting timer
1537505315195	addons.manager	DEBUG	Starting provider: PreviousExperimentProvider
1537505315196	addons.manager	DEBUG	Registering shutdown blocker for PreviousExperimentProvider
1537505315196	addons.manager	DEBUG	Provider finished startup: PreviousExperimentProvider
1537505315688	DeferredSave.addons.json	DEBUG	Starting write

	at org.openqa.selenium.firefox.internal.NewProfileExtensionConnection.start(NewProfileExtensionConnection.java:113)
	... 44 more
</failure>
    <system-out>Configuring TestNG with: org.apache.maven.surefire.testng.conf.TestNG652Configurator@c77c2e
Mr.--Tom--Kumar--Amazon--
Dr.--David--Kumar--Google--
Mrs.--Shreya--Kumari--Microsoft--
</system-out>
    <system-err>org.openqa.selenium.firefox.NotConnectedException: Unable to connect to host 127.0.0.1 on port 7055 after 45000 ms. Firefox console output:
4-a285-3208198ce6fd}&quot;,&quot;syncGUID&quot;:&quot;hH91N_n638G_&quot;,&quot;location&quot;:&quot;app-global&quot;,&quot;version&quot;:&quot;47.0.1&quot;,&quot;type&quot;:&quot;theme&quot;,&quot;internalName&quot;:&quot;classic/1.0&quot;,&quot;updateURL&quot;:null,&quot;updateKey&quot;:null,&quot;optionsURL&quot;:null,&quot;optionsType&quot;:null,&quot;aboutURL&quot;:null,&quot;icons&quot;:{&quot;32&quot;:&quot;icon.png&quot;,&quot;48&quot;:&quot;icon.png&quot;},&quot;iconURL&quot;:null,&quot;icon64URL&quot;:null,&quot;defaultLocale&quot;:{&quot;name&quot;:&quot;Default&quot;,&quot;description&quot;:&quot;The default theme.&quot;,&quot;creator&quot;:&quot;Mozilla&quot;,&quot;homepageURL&quot;:null,&quot;contributors&quot;:[&quot;Mozilla Contributors&quot;]},&quot;visible&quot;:true,&quot;active&quot;:true,&quot;userDisabled&quot;:false,&quot;appDisabled&quot;:false,&quot;descriptor&quot;:&quot;C:\\Program Files\\Mozilla Firefox\\browser\\extensions\\{972ce4c6-7e08-4474-a285-3208198ce6fd}.xpi&quot;,&quot;installDate&quot;:1466734942000,&quot;updateDate&quot;:1466734942000,&quot;applyBackgroundUpdates&quot;:1,&quot;skinnable&quot;:true,&quot;size&quot;:22012,&quot;sourceURI&quot;:null,&quot;releaseNotesURI&quot;:null,&quot;softDisabled&quot;:false,&quot;foreignInstall&quot;:false,&quot;hasBinaryComponents&quot;:false,&quot;strictCompatibility&quot;:true,&quot;locales&quot;:[],&quot;targetApplications&quot;:[{&quot;id&quot;:&quot;{ec8030f7-c20a-464f-9b0e-13a3a9e97384}&quot;,&quot;minVersion&quot;:&quot;47.0.1&quot;,&quot;maxVersion&quot;:&quot;47.0.1&quot;}],&quot;targetPlatforms&quot;:[],&quot;seen&quot;:true}
1537505295761	addons.xpi	DEBUG	getModTime: Recursive scan of {972ce4c6-7e08-4474-a285-3208198ce6fd}
1537505295771	DeferredSave.extensions.json	DEBUG	Save changes
1537505295772	addons.xpi	DEBUG	Updating database with changes to installed add-ons
1537505295772	addons.xpi-utils	DEBUG	Updating add-on states
1537505295779	addons.xpi-utils	DEBUG	Writing add-ons list
1537505295796	addons.xpi	DEBUG	Registering manifest for C:\Program Files\Mozilla Firefox\browser\features\e10srollout@mozilla.org.xpi
1537505295799	addons.xpi	DEBUG	Calling bootstrap method startup on e10srollout@mozilla.org version 1.0
1537505295799	addons.xpi	DEBUG	Registering manifest for C:\Program Files\Mozilla Firefox\browser\features\firefox@getpocket.com.xpi
1537505295802	addons.xpi	DEBUG	Calling bootstrap method startup on firefox@getpocket.com version 1.0.2
1537505295803	addons.xpi	DEBUG	Registering manifest for C:\Program Files\Mozilla Firefox\browser\features\loop@mozilla.org.xpi
1537505295812	addons.xpi	DEBUG	Calling bootstrap method startup on loop@mozilla.org version 1.3.2
1537505297216	addons.manager	DEBUG	Registering shutdown blocker for XPIProvider
1537505297218	addons.manager	DEBUG	Provider finished startup: XPIProvider
1537505297218	addons.manager	DEBUG	Starting provider: LightweightThemeManager
1537505297218	addons.manager	DEBUG	Registering shutdown blocker for LightweightThemeManager
1537505297219	addons.manager	DEBUG	Provider finished startup: LightweightThemeManager
1537505297221	addons.manager	DEBUG	Starting provider: GMPProvider
1537505297282	addons.manager	DEBUG	Registering shutdown blocker for GMPProvider
1537505297283	addons.manager	DEBUG	Provider finished startup: GMPProvider
1537505297283	addons.manager	DEBUG	Starting provider: PluginProvider
1537505297283	addons.manager	DEBUG	Registering shutdown blocker for PluginProvider
1537505297284	addons.manager	DEBUG	Provider finished startup: PluginProvider
1537505297285	addons.manager	DEBUG	Completed startup sequence
1537505303828	addons.manager	DEBUG	Starting provider: &lt;unnamed-provider&gt;
1537505303828	addons.manager	DEBUG	Registering shutdown blocker for &lt;unnamed-provider&gt;
1537505303829	addons.manager	DEBUG	Provider finished startup: &lt;unnamed-provider&gt;
1537505307036	DeferredSave.extensions.json	DEBUG	Write succeeded
1537505307037	addons.xpi-utils	DEBUG	XPI Database saved, setting schema version preference to 17
1537505307037	DeferredSave.extensions.json	DEBUG	Starting timer
1537505307059	DeferredSave.extensions.json	DEBUG	Starting write
1537505311679	addons.repository	DEBUG	No addons.json found.
1537505311681	DeferredSave.addons.json	DEBUG	Save changes
1537505311745	DeferredSave.addons.json	DEBUG	Starting timer
1537505315195	addons.manager	DEBUG	Starting provider: PreviousExperimentProvider
1537505315196	addons.manager	DEBUG	Registering shutdown blocker for PreviousExperimentProvider
1537505315196	addons.manager	DEBUG	Provider finished startup: PreviousExperimentProvider
1537505315688	DeferredSave.addons.json	DEBUG	Starting write

	at org.openqa.selenium.firefox.internal.NewProfileExtensionConnection.start(NewProfileExtensionConnection.java:113)
	at org.openqa.selenium.firefox.FirefoxDriver.startClient(FirefoxDriver.java:271)
	at org.openqa.selenium.remote.RemoteWebDriver.&lt;init&gt;(RemoteWebDriver.java:119)
	at org.openqa.selenium.firefox.FirefoxDriver.&lt;init&gt;(FirefoxDriver.java:216)
	at org.openqa.selenium.firefox.FirefoxDriver.&lt;init&gt;(FirefoxDriver.java:211)
	at org.openqa.selenium.firefox.FirefoxDriver.&lt;init&gt;(FirefoxDriver.java:207)
	at org.openqa.selenium.firefox.FirefoxDriver.&lt;init&gt;(FirefoxDriver.java:120)
	at com.crm.qa.base.TestBase.initialization(TestBase.java:59)
	at testcases.ContactsPageTest.setUp(ContactsPageTest.java:27)
	at sun.reflect.NativeMethodAccessorImpl.invoke0(Native Method)
	at sun.reflect.NativeMethodAccessorImpl.invoke(NativeMethodAccessorImpl.java:62)
	at sun.reflect.DelegatingMethodAccessorImpl.invoke(DelegatingMethodAccessorImpl.java:43)
	at java.lang.reflect.Method.invoke(Method.java:498)
	at org.testng.internal.MethodInvocationHelper.invokeMethod(MethodInvocationHelper.java:80)
	at org.testng.internal.Invoker.invokeConfigurationMethod(Invoker.java:564)
	at org.testng.internal.Invoker.invokeConfigurations(Invoker.java:213)
	at org.testng.internal.Invoker.invokeMethod(Invoker.java:653)
	at org.testng.internal.Invoker.invokeTestMethod(Invoker.java:901)
	at org.testng.internal.Invoker.invokeTestMethods(Invoker.java:1231)
	at org.testng.internal.TestMethodWorker.invokeTestMethods(TestMethodWorker.java:127)
	at org.testng.internal.TestMethodWorker.run(TestMethodWorker.java:111)
	at org.testng.TestRunner.privateRun(TestRunner.java:767)
	at org.testng.TestRunner.run(TestRunner.java:617)
	at org.testng.SuiteRunner.runTest(SuiteRunner.java:334)
	at org.testng.SuiteRunner.runSequentially(SuiteRunner.java:329)
	at org.testng.SuiteRunner.privateRun(SuiteRunner.java:291)
	at org.testng.SuiteRunner.run(SuiteRunner.java:240)
	at org.testng.SuiteRunnerWorker.runSuite(SuiteRunnerWorker.java:52)
	at org.testng.SuiteRunnerWorker.run(SuiteRunnerWorker.java:86)
	at org.testng.TestNG.runSuitesSequentially(TestNG.java:1198)
	at org.testng.TestNG.runSuitesLocally(TestNG.java:1123)
	at org.testng.TestNG.run(TestNG.java:1031)
	at org.apache.maven.surefire.testng.TestNGExecutor.run(TestNGExecutor.java:77)
	at org.apache.maven.surefire.testng.TestNGDirectoryTestSuite.executeMulti(TestNGDirectoryTestSuite.java:159)
	at org.apache.maven.surefire.testng.TestNGDirectoryTestSuite.execute(TestNGDirectoryTestSuite.java:99)
	at org.apache.maven.surefire.testng.TestNGProvider.invoke(TestNGProvider.java:106)
	at sun.reflect.NativeMethodAccessorImpl.invoke0(Native Method)
	at sun.reflect.NativeMethodAccessorImpl.invoke(NativeMethodAccessorImpl.java:62)
	at sun.reflect.DelegatingMethodAccessorImpl.invoke(DelegatingMethodAccessorImpl.java:43)
	at java.lang.reflect.Method.invoke(Method.java:498)
	at org.apache.maven.surefire.util.ReflectionUtils.invokeMethodWithArray(ReflectionUtils.java:189)
	at org.apache.maven.surefire.booter.ProviderFactory$ProviderProxy.invoke(ProviderFactory.java:165)
	at org.apache.maven.surefire.booter.ProviderFactory.invokeProvider(ProviderFactory.java:85)
	at org.apache.maven.surefire.booter.ForkedBooter.runSuitesInProcess(ForkedBooter.java:115)
	at org.apache.maven.surefire.booter.ForkedBooter.main(ForkedBooter.java:75)
</system-err>
  </testcase>
  <testcase classname="testcases.ContactsPageTest" name="validateCreatenewContact" time="0">
    <skipped/>
  </testcase>
  <testcase classname="testcases.ContactsPageTest" name="tearDown" time="0">
    <skipped/>
  </testcase>
  <testcase classname="testcases.ContactsPageTest" name="setUp" time="0">
    <skipped/>
  </testcase>
  <testcase classname="testcases.ContactsPageTest" name="validateCreatenewContact" time="0">
    <skipped/>
  </testcase>
  <testcase classname="testcases.ContactsPageTest" name="tearDown" time="0">
    <skipped/>
  </testcase>
  <testcase classname="testcases.ContactsPageTest" name="setUp" time="0">
    <skipped/>
  </testcase>
  <testcase classname="testcases.ContactsPageTest" name="validateCreatenewContact" time="0">
    <skipped/>
  </testcase>
  <testcase classname="testcases.ContactsPageTest" name="tearDown" time="0">
    <skipped/>
  </testcase>
  <testcase classname="testcases.ContactsPageTest" name="setUp" time="0">
    <skipped/>
  </testcase>
  <testcase classname="testcases.ContactsPageTest" name="selectSingleContactTest" time="0">
    <skipped/>
  </testcase>
  <testcase classname="testcases.ContactsPageTest" name="tearDown" time="0">
    <skipped/>
  </testcase>
  <testcase classname="testcases.HomePageTest" name="verifyHomePageTitleTest" time="0.236"/>
  <testcase classname="testcases.LoginPageTest" name="crmLogoTest" time="1.057"/>
  <testcase classname="testcases.ContactsPageTest" name="setUp" time="2.566">
    <skipped/>
  </testcase>
  <testcase classname="testcases.ContactsPageTest" name="selectMultipleContactTest" time="0">
    <skipped/>
  </testcase>
  <testcase classname="testcases.ContactsPageTest" name="tearDown" time="0">
    <skipped/>
  </testcase>
  <testcase classname="testcases.HomePageTest" name="verifyUserNameTest" time="8.737"/>
  <testcase classname="testcases.LoginPageTest" name="validateTitleTest" time="2.077"/>
  <testcase classname="testcases.HomePageTest" name="verifyContactsLinkTest" time="8.427"/>
  <testcase classname="testcases.LoginPageTest" name="loginTest" time="4.725"/>
  <testcase classname="testcases.LoginPageTest" name="testFeautureLink" time="28.469"/>
</testsuite>