<?xml version="1.0" encoding="UTF-8"?>
<testng-results skipped="3" failed="0" total="12" passed="9">
  <reporter-output>
  </reporter-output>
  <suite name="Suite" duration-ms="451973" started-at="2018-09-15T04:26:19Z" finished-at="2018-09-15T04:33:51Z">
    <groups>
    </groups>
    <test name="Test" duration-ms="451973" started-at="2018-09-15T04:26:19Z" finished-at="2018-09-15T04:33:51Z">
      <class name="testcases.ContactsPageTest">
        <test-method status="PASS" signature="setUp()[pri:0, instance:testcases.ContactsPageTest@14ba872]" name="setUp" is-config="true" duration-ms="49440" started-at="2018-09-15T09:56:22Z" finished-at="2018-09-15T09:57:11Z">
          <reporter-output>
          </reporter-output>
        </test-method> <!-- setUp -->
        <test-method status="PASS" signature="validateCreatenewContact(java.lang.String, java.lang.String, java.lang.String, java.lang.String)[pri:0, instance:testcases.ContactsPageTest@14ba872]" name="validateCreatenewContact" duration-ms="8130" started-at="2018-09-15T09:57:11Z" data-provider="getCRMTestData" finished-at="2018-09-15T09:57:19Z">
          <params>
            <param index="0">
              <value>
                <![CDATA[Mr.]]>
              </value>
            </param>
            <param index="1">
              <value>
                <![CDATA[Tom]]>
              </value>
            </param>
            <param index="2">
              <value>
                <![CDATA[Kumar]]>
              </value>
            </param>
            <param index="3">
              <value>
                <![CDATA[Amazon]]>
              </value>
            </param>
          </params>
          <reporter-output>
          </reporter-output>
        </test-method> <!-- validateCreatenewContact -->
        <test-method status="PASS" signature="tearDown()[pri:0, instance:testcases.ContactsPageTest@14ba872]" name="tearDown" is-config="true" duration-ms="1535" started-at="2018-09-15T09:57:19Z" finished-at="2018-09-15T09:57:21Z">
          <reporter-output>
          </reporter-output>
        </test-method> <!-- tearDown -->
        <test-method status="PASS" signature="setUp()[pri:0, instance:testcases.ContactsPageTest@14ba872]" name="setUp" is-config="true" duration-ms="50029" started-at="2018-09-15T09:57:21Z" finished-at="2018-09-15T09:58:11Z">
          <reporter-output>
          </reporter-output>
        </test-method> <!-- setUp -->
        <test-method status="PASS" signature="validateCreatenewContact(java.lang.String, java.lang.String, java.lang.String, java.lang.String)[pri:0, instance:testcases.ContactsPageTest@14ba872]" name="validateCreatenewContact" duration-ms="7183" started-at="2018-09-15T09:58:11Z" data-provider="getCRMTestData" finished-at="2018-09-15T09:58:18Z">
          <params>
            <param index="0">
              <value>
                <![CDATA[Dr.]]>
              </value>
            </param>
            <param index="1">
              <value>
                <![CDATA[David]]>
              </value>
            </param>
            <param index="2">
              <value>
                <![CDATA[Kumar]]>
              </value>
            </param>
            <param index="3">
              <value>
                <![CDATA[Google]]>
              </value>
            </param>
          </params>
          <reporter-output>
          </reporter-output>
        </test-method> <!-- validateCreatenewContact -->
        <test-method status="PASS" signature="tearDown()[pri:0, instance:testcases.ContactsPageTest@14ba872]" name="tearDown" is-config="true" duration-ms="926" started-at="2018-09-15T09:58:18Z" finished-at="2018-09-15T09:58:19Z">
          <reporter-output>
          </reporter-output>
        </test-method> <!-- tearDown -->
        <test-method status="FAIL" signature="setUp()[pri:0, instance:testcases.ContactsPageTest@14ba872]" name="setUp" is-config="true" duration-ms="0" started-at="2018-09-15T09:58:19Z" finished-at="2018-09-15T09:58:19Z">
          <exception class="org.openqa.selenium.WebDriverException">
            <message>
              <![CDATA[Failed to connect to binary FirefoxBinary(C:\Program Files\Mozilla Firefox\firefox.exe) on port 7055; process output follows: 
c/1.0","updateURL":null,"updateKey":null,"optionsURL":null,"optionsType":null,"aboutURL":null,"icons":{"32":"icon.png","48":"icon.png"},"iconURL":null,"icon64URL":null,"defaultLocale":{"name":"Default","description":"The default theme.","creator":"Mozilla","homepageURL":null,"contributors":["Mozilla Contributors"]},"visible":true,"active":true,"userDisabled":false,"appDisabled":false,"descriptor":"C:\\Program Files\\Mozilla Firefox\\browser\\extensions\\{972ce4c6-7e08-4474-a285-3208198ce6fd}.xpi","installDate":1466734942000,"updateDate":1466734942000,"applyBackgroundUpdates":1,"skinnable":true,"size":22012,"sourceURI":null,"releaseNotesURI":null,"softDisabled":false,"foreignInstall":false,"hasBinaryComponents":false,"strictCompatibility":true,"locales":[],"targetApplications":[{"id":"{ec8030f7-c20a-464f-9b0e-13a3a9e97384}","minVersion":"47.0.1","maxVersion":"47.0.1"}],"targetPlatforms":[],"seen":true}
1536985704249	addons.xpi	DEBUG	getModTime: Recursive scan of {972ce4c6-7e08-4474-a285-3208198ce6fd}
1536985704251	DeferredSave.extensions.json	DEBUG	Save changes
1536985704251	addons.xpi	DEBUG	Updating database with changes to installed add-ons
1536985704251	addons.xpi-utils	DEBUG	Updating add-on states
1536985704253	addons.xpi-utils	DEBUG	Writing add-ons list
1536985704258	addons.xpi	DEBUG	Registering manifest for C:\Program Files\Mozilla Firefox\browser\features\e10srollout@mozilla.org.xpi
1536985704260	addons.xpi	DEBUG	Calling bootstrap method startup on e10srollout@mozilla.org version 1.0
1536985704261	addons.xpi	DEBUG	Registering manifest for C:\Program Files\Mozilla Firefox\browser\features\firefox@getpocket.com.xpi
1536985704263	addons.xpi	DEBUG	Calling bootstrap method startup on firefox@getpocket.com version 1.0.2
1536985704264	addons.xpi	DEBUG	Registering manifest for C:\Program Files\Mozilla Firefox\browser\features\loop@mozilla.org.xpi
1536985704267	addons.xpi	DEBUG	Calling bootstrap method startup on loop@mozilla.org version 1.3.2
1536985704304	addons.manager	DEBUG	Registering shutdown blocker for XPIProvider
1536985704305	addons.manager	DEBUG	Provider finished startup: XPIProvider
1536985704305	addons.manager	DEBUG	Starting provider: LightweightThemeManager
1536985704305	addons.manager	DEBUG	Registering shutdown blocker for LightweightThemeManager
1536985704306	addons.manager	DEBUG	Provider finished startup: LightweightThemeManager
1536985704306	addons.manager	DEBUG	Starting provider: GMPProvider
1536985704315	addons.manager	DEBUG	Registering shutdown blocker for GMPProvider
1536985704315	addons.manager	DEBUG	Provider finished startup: GMPProvider
1536985704316	addons.manager	DEBUG	Starting provider: PluginProvider
1536985704316	addons.manager	DEBUG	Registering shutdown blocker for PluginProvider
1536985704317	addons.manager	DEBUG	Provider finished startup: PluginProvider
1536985704318	addons.manager	DEBUG	Completed startup sequence
1536985705066	addons.manager	DEBUG	Starting provider: <unnamed-provider>
1536985705066	addons.manager	DEBUG	Registering shutdown blocker for <unnamed-provider>
1536985705066	addons.manager	DEBUG	Provider finished startup: <unnamed-provider>
1536985705399	DeferredSave.extensions.json	DEBUG	Write succeeded
1536985705399	addons.xpi-utils	DEBUG	XPI Database saved, setting schema version preference to 17
1536985705399	DeferredSave.extensions.json	DEBUG	Starting timer
1536985705414	addons.repository	DEBUG	No addons.json found.
1536985705416	DeferredSave.addons.json	DEBUG	Save changes
1536985705421	DeferredSave.addons.json	DEBUG	Starting timer
1536985705488	addons.manager	DEBUG	Starting provider: PreviousExperimentProvider
1536985705488	addons.manager	DEBUG	Registering shutdown blocker for PreviousExperimentProvider
1536985705488	addons.manager	DEBUG	Provider finished startup: PreviousExperimentProvider
1536985705491	DeferredSave.extensions.json	DEBUG	Starting write
1536985705501	DeferredSave.addons.json	DEBUG	Starting write
1536985705520	DeferredSave.extensions.json	DEBUG	Write succeeded
1536985705591	DeferredSave.addons.json	DEBUG	Write succeeded

Build info: version: '2.53.1', revision: 'a36b8b1cd5757287168e54b817830adce9b0158d', time: '2016-06-30 19:26:09'
System info: host: 'Admin-PC', ip: '192.168.1.6', os.name: 'Windows 10', os.arch: 'x86', os.version: '10.0', java.version: '1.8.0_131'
Driver info: driver.version: FirefoxDriver]]>
            </message>
            <full-stacktrace>
              <![CDATA[org.openqa.selenium.WebDriverException: Failed to connect to binary FirefoxBinary(C:\Program Files\Mozilla Firefox\firefox.exe) on port 7055; process output follows: 
c/1.0","updateURL":null,"updateKey":null,"optionsURL":null,"optionsType":null,"aboutURL":null,"icons":{"32":"icon.png","48":"icon.png"},"iconURL":null,"icon64URL":null,"defaultLocale":{"name":"Default","description":"The default theme.","creator":"Mozilla","homepageURL":null,"contributors":["Mozilla Contributors"]},"visible":true,"active":true,"userDisabled":false,"appDisabled":false,"descriptor":"C:\\Program Files\\Mozilla Firefox\\browser\\extensions\\{972ce4c6-7e08-4474-a285-3208198ce6fd}.xpi","installDate":1466734942000,"updateDate":1466734942000,"applyBackgroundUpdates":1,"skinnable":true,"size":22012,"sourceURI":null,"releaseNotesURI":null,"softDisabled":false,"foreignInstall":false,"hasBinaryComponents":false,"strictCompatibility":true,"locales":[],"targetApplications":[{"id":"{ec8030f7-c20a-464f-9b0e-13a3a9e97384}","minVersion":"47.0.1","maxVersion":"47.0.1"}],"targetPlatforms":[],"seen":true}
1536985704249	addons.xpi	DEBUG	getModTime: Recursive scan of {972ce4c6-7e08-4474-a285-3208198ce6fd}
1536985704251	DeferredSave.extensions.json	DEBUG	Save changes
1536985704251	addons.xpi	DEBUG	Updating database with changes to installed add-ons
1536985704251	addons.xpi-utils	DEBUG	Updating add-on states
1536985704253	addons.xpi-utils	DEBUG	Writing add-ons list
1536985704258	addons.xpi	DEBUG	Registering manifest for C:\Program Files\Mozilla Firefox\browser\features\e10srollout@mozilla.org.xpi
1536985704260	addons.xpi	DEBUG	Calling bootstrap method startup on e10srollout@mozilla.org version 1.0
1536985704261	addons.xpi	DEBUG	Registering manifest for C:\Program Files\Mozilla Firefox\browser\features\firefox@getpocket.com.xpi
1536985704263	addons.xpi	DEBUG	Calling bootstrap method startup on firefox@getpocket.com version 1.0.2
1536985704264	addons.xpi	DEBUG	Registering manifest for C:\Program Files\Mozilla Firefox\browser\features\loop@mozilla.org.xpi
1536985704267	addons.xpi	DEBUG	Calling bootstrap method startup on loop@mozilla.org version 1.3.2
1536985704304	addons.manager	DEBUG	Registering shutdown blocker for XPIProvider
1536985704305	addons.manager	DEBUG	Provider finished startup: XPIProvider
1536985704305	addons.manager	DEBUG	Starting provider: LightweightThemeManager
1536985704305	addons.manager	DEBUG	Registering shutdown blocker for LightweightThemeManager
1536985704306	addons.manager	DEBUG	Provider finished startup: LightweightThemeManager
1536985704306	addons.manager	DEBUG	Starting provider: GMPProvider
1536985704315	addons.manager	DEBUG	Registering shutdown blocker for GMPProvider
1536985704315	addons.manager	DEBUG	Provider finished startup: GMPProvider
1536985704316	addons.manager	DEBUG	Starting provider: PluginProvider
1536985704316	addons.manager	DEBUG	Registering shutdown blocker for PluginProvider
1536985704317	addons.manager	DEBUG	Provider finished startup: PluginProvider
1536985704318	addons.manager	DEBUG	Completed startup sequence
1536985705066	addons.manager	DEBUG	Starting provider: <unnamed-provider>
1536985705066	addons.manager	DEBUG	Registering shutdown blocker for <unnamed-provider>
1536985705066	addons.manager	DEBUG	Provider finished startup: <unnamed-provider>
1536985705399	DeferredSave.extensions.json	DEBUG	Write succeeded
1536985705399	addons.xpi-utils	DEBUG	XPI Database saved, setting schema version preference to 17
1536985705399	DeferredSave.extensions.json	DEBUG	Starting timer
1536985705414	addons.repository	DEBUG	No addons.json found.
1536985705416	DeferredSave.addons.json	DEBUG	Save changes
1536985705421	DeferredSave.addons.json	DEBUG	Starting timer
1536985705488	addons.manager	DEBUG	Starting provider: PreviousExperimentProvider
1536985705488	addons.manager	DEBUG	Registering shutdown blocker for PreviousExperimentProvider
1536985705488	addons.manager	DEBUG	Provider finished startup: PreviousExperimentProvider
1536985705491	DeferredSave.extensions.json	DEBUG	Starting write
1536985705501	DeferredSave.addons.json	DEBUG	Starting write
1536985705520	DeferredSave.extensions.json	DEBUG	Write succeeded
1536985705591	DeferredSave.addons.json	DEBUG	Write succeeded

Build info: version: '2.53.1', revision: 'a36b8b1cd5757287168e54b817830adce9b0158d', time: '2016-06-30 19:26:09'
System info: host: 'Admin-PC', ip: '192.168.1.6', os.name: 'Windows 10', os.arch: 'x86', os.version: '10.0', java.version: '1.8.0_131'
Driver info: driver.version: FirefoxDriver
	at org.openqa.selenium.firefox.internal.NewProfileExtensionConnection.start(NewProfileExtensionConnection.java:125)
	at org.openqa.selenium.firefox.FirefoxDriver.startClient(FirefoxDriver.java:271)
	at org.openqa.selenium.remote.RemoteWebDriver.<init>(RemoteWebDriver.java:119)
	at org.openqa.selenium.firefox.FirefoxDriver.<init>(FirefoxDriver.java:216)
	at org.openqa.selenium.firefox.FirefoxDriver.<init>(FirefoxDriver.java:211)
	at org.openqa.selenium.firefox.FirefoxDriver.<init>(FirefoxDriver.java:207)
	at org.openqa.selenium.firefox.FirefoxDriver.<init>(FirefoxDriver.java:120)
	at com.crm.qa.base.TestBase.initialization(TestBase.java:59)
	at testcases.ContactsPageTest.setUp(ContactsPageTest.java:27)
	at sun.reflect.NativeMethodAccessorImpl.invoke0(Native Method)
	at sun.reflect.NativeMethodAccessorImpl.invoke(Unknown Source)
	at sun.reflect.DelegatingMethodAccessorImpl.invoke(Unknown Source)
	at java.lang.reflect.Method.invoke(Unknown Source)
	at org.testng.internal.MethodInvocationHelper.invokeMethod(MethodInvocationHelper.java:80)
	at org.testng.internal.Invoker.invokeConfigurationMethod(Invoker.java:564)
	at org.testng.internal.Invoker.invokeConfigurations(Invoker.java:213)
	at org.testng.internal.Invoker.invokeMethod(Invoker.java:653)
	at org.testng.internal.Invoker.invokeTestMethod(Invoker.java:901)
	at org.testng.internal.Invoker.invokeTestMethods(Invoker.java:1231)
	at org.testng.internal.TestMethodWorker.invokeTestMethods(TestMethodWorker.java:127)
	at org.testng.internal.TestMethodWorker.run(TestMethodWorker.java:111)
	at org.testng.TestRunner.privateRun(TestRunner.java:767)
	at org.testng.TestRunner.run(TestRunner.java:617)
	at org.testng.SuiteRunner.runTest(SuiteRunner.java:334)
	at org.testng.SuiteRunner.runSequentially(SuiteRunner.java:329)
	at org.testng.SuiteRunner.privateRun(SuiteRunner.java:291)
	at org.testng.SuiteRunner.run(SuiteRunner.java:240)
	at org.testng.SuiteRunnerWorker.runSuite(SuiteRunnerWorker.java:52)
	at org.testng.SuiteRunnerWorker.run(SuiteRunnerWorker.java:86)
	at org.testng.TestNG.runSuitesSequentially(TestNG.java:1198)
	at org.testng.TestNG.runSuitesLocally(TestNG.java:1123)
	at org.testng.TestNG.run(TestNG.java:1031)
	at org.testng.remote.AbstractRemoteTestNG.run(AbstractRemoteTestNG.java:114)
	at org.testng.remote.RemoteTestNG.initAndRun(RemoteTestNG.java:251)
	at org.testng.remote.RemoteTestNG.main(RemoteTestNG.java:77)
Caused by: org.openqa.selenium.firefox.NotConnectedException: Unable to connect to host 127.0.0.1 on port 7055 after 45000 ms. Firefox console output:
c/1.0","updateURL":null,"updateKey":null,"optionsURL":null,"optionsType":null,"aboutURL":null,"icons":{"32":"icon.png","48":"icon.png"},"iconURL":null,"icon64URL":null,"defaultLocale":{"name":"Default","description":"The default theme.","creator":"Mozilla","homepageURL":null,"contributors":["Mozilla Contributors"]},"visible":true,"active":true,"userDisabled":false,"appDisabled":false,"descriptor":"C:\\Program Files\\Mozilla Firefox\\browser\\extensions\\{972ce4c6-7e08-4474-a285-3208198ce6fd}.xpi","installDate":1466734942000,"updateDate":1466734942000,"applyBackgroundUpdates":1,"skinnable":true,"size":22012,"sourceURI":null,"releaseNotesURI":null,"softDisabled":false,"foreignInstall":false,"hasBinaryComponents":false,"strictCompatibility":true,"locales":[],"targetApplications":[{"id":"{ec8030f7-c20a-464f-9b0e-13a3a9e97384}","minVersion":"47.0.1","maxVersion":"47.0.1"}],"targetPlatforms":[],"seen":true}
1536985704249	addons.xpi	DEBUG	getModTime: Recursive scan of {972ce4c6-7e08-4474-a285-3208198ce6fd}
1536985704251	DeferredSave.extensions.json	DEBUG	Save changes
1536985704251	addons.xpi	DEBUG	Updating database with changes to installed add-ons
1536985704251	addons.xpi-utils	DEBUG	Updating add-on states
1536985704253	addons.xpi-utils	DEBUG	Writing add-ons list
1536985704258	addons.xpi	DEBUG	Registering manifest for C:\Program Files\Mozilla Firefox\browser\features\e10srollout@mozilla.org.xpi
1536985704260	addons.xpi	DEBUG	Calling bootstrap method startup on e10srollout@mozilla.org version 1.0
1536985704261	addons.xpi	DEBUG	Registering manifest for C:\Program Files\Mozilla Firefox\browser\features\firefox@getpocket.com.xpi
1536985704263	addons.xpi	DEBUG	Calling bootstrap method startup on firefox@getpocket.com version 1.0.2
1536985704264	addons.xpi	DEBUG	Registering manifest for C:\Program Files\Mozilla Firefox\browser\features\loop@mozilla.org.xpi
1536985704267	addons.xpi	DEBUG	Calling bootstrap method startup on loop@mozilla.org version 1.3.2
1536985704304	addons.manager	DEBUG	Registering shutdown blocker for XPIProvider
1536985704305	addons.manager	DEBUG	Provider finished startup: XPIProvider
1536985704305	addons.manager	DEBUG	Starting provider: LightweightThemeManager
1536985704305	addons.manager	DEBUG	Registering shutdown blocker for LightweightThemeManager
1536985704306	addons.manager	DEBUG	Provider finished startup: LightweightThemeManager
1536985704306	addons.manager	DEBUG	Starting provider: GMPProvider
1536985704315	addons.manager	DEBUG	Registering shutdown blocker for GMPProvider
1536985704315	addons.manager	DEBUG	Provider finished startup: GMPProvider
1536985704316	addons.manager	DEBUG	Starting provider: PluginProvider
1536985704316	addons.manager	DEBUG	Registering shutdown blocker for PluginProvider
1536985704317	addons.manager	DEBUG	Provider finished startup: PluginProvider
1536985704318	addons.manager	DEBUG	Completed startup sequence
1536985705066	addons.manager	DEBUG	Starting provider: <unnamed-provider>
1536985705066	addons.manager	DEBUG	Registering shutdown blocker for <unnamed-provider>
1536985705066	addons.manager	DEBUG	Provider finished startup: <unnamed-provider>
1536985705399	DeferredSave.extensions.json	DEBUG	Write succeeded
1536985705399	addons.xpi-utils	DEBUG	XPI Database saved, setting schema version preference to 17
1536985705399	DeferredSave.extensions.json	DEBUG	Starting timer
1536985705414	addons.repository	DEBUG	No addons.json found.
1536985705416	DeferredSave.addons.json	DEBUG	Save changes
1536985705421	DeferredSave.addons.json	DEBUG	Starting timer
1536985705488	addons.manager	DEBUG	Starting provider: PreviousExperimentProvider
1536985705488	addons.manager	DEBUG	Registering shutdown blocker for PreviousExperimentProvider
1536985705488	addons.manager	DEBUG	Provider finished startup: PreviousExperimentProvider
1536985705491	DeferredSave.extensions.json	DEBUG	Starting write
1536985705501	DeferredSave.addons.json	DEBUG	Starting write
1536985705520	DeferredSave.extensions.json	DEBUG	Write succeeded
1536985705591	DeferredSave.addons.json	DEBUG	Write succeeded

	at org.openqa.selenium.firefox.internal.NewProfileExtensionConnection.start(NewProfileExtensionConnection.java:113)
	... 34 more
]]>
            </full-stacktrace>
          </exception> <!-- org.openqa.selenium.WebDriverException -->
          <reporter-output>
          </reporter-output>
        </test-method> <!-- setUp -->
        <test-method status="SKIP" signature="validateCreatenewContact(java.lang.String, java.lang.String, java.lang.String, java.lang.String)[pri:0, instance:testcases.ContactsPageTest@14ba872]" name="validateCreatenewContact" duration-ms="2" started-at="2018-09-15T09:59:09Z" data-provider="getCRMTestData" finished-at="2018-09-15T09:59:09Z">
          <params>
            <param index="0">
              <value>
                <![CDATA[Mrs.]]>
              </value>
            </param>
            <param index="1">
              <value>
                <![CDATA[Shreya]]>
              </value>
            </param>
            <param index="2">
              <value>
                <![CDATA[Kumari]]>
              </value>
            </param>
            <param index="3">
              <value>
                <![CDATA[Microsoft]]>
              </value>
            </param>
          </params>
          <reporter-output>
          </reporter-output>
        </test-method> <!-- validateCreatenewContact -->
        <test-method status="SKIP" signature="tearDown()[pri:0, instance:testcases.ContactsPageTest@14ba872]" name="tearDown" is-config="true" duration-ms="0" started-at="2018-09-15T09:59:09Z" finished-at="2018-09-15T09:59:09Z">
          <reporter-output>
          </reporter-output>
        </test-method> <!-- tearDown -->
        <test-method status="SKIP" signature="setUp()[pri:0, instance:testcases.ContactsPageTest@14ba872]" name="setUp" is-config="true" duration-ms="0" started-at="2018-09-15T09:59:09Z" finished-at="2018-09-15T09:59:09Z">
          <reporter-output>
          </reporter-output>
        </test-method> <!-- setUp -->
        <test-method status="SKIP" signature="selectSingleContactTest()[pri:0, instance:testcases.ContactsPageTest@14ba872]" name="selectSingleContactTest" duration-ms="3" started-at="2018-09-15T09:59:09Z" finished-at="2018-09-15T09:59:09Z">
          <reporter-output>
          </reporter-output>
        </test-method> <!-- selectSingleContactTest -->
        <test-method status="SKIP" signature="tearDown()[pri:0, instance:testcases.ContactsPageTest@14ba872]" name="tearDown" is-config="true" duration-ms="0" started-at="2018-09-15T09:59:09Z" finished-at="2018-09-15T09:59:09Z">
          <reporter-output>
          </reporter-output>
        </test-method> <!-- tearDown -->
        <test-method status="SKIP" signature="setUp()[pri:0, instance:testcases.ContactsPageTest@14ba872]" name="setUp" is-config="true" duration-ms="0" started-at="2018-09-15T09:59:09Z" finished-at="2018-09-15T09:59:09Z">
          <reporter-output>
          </reporter-output>
        </test-method> <!-- setUp -->
        <test-method status="SKIP" signature="selectMultipleContactTest()[pri:0, instance:testcases.ContactsPageTest@14ba872]" name="selectMultipleContactTest" duration-ms="3" started-at="2018-09-15T09:59:09Z" finished-at="2018-09-15T09:59:09Z">
          <reporter-output>
          </reporter-output>
        </test-method> <!-- selectMultipleContactTest -->
        <test-method status="SKIP" signature="tearDown()[pri:0, instance:testcases.ContactsPageTest@14ba872]" name="tearDown" is-config="true" duration-ms="0" started-at="2018-09-15T09:59:09Z" finished-at="2018-09-15T09:59:09Z">
          <reporter-output>
          </reporter-output>
        </test-method> <!-- tearDown -->
      </class> <!-- testcases.ContactsPageTest -->
      <class name="testcases.HomePageTest">
        <test-method status="PASS" signature="setUp()[pri:0, instance:testcases.HomePageTest@6ba0ac]" name="setUp" is-config="true" duration-ms="40978" started-at="2018-09-15T09:59:09Z" finished-at="2018-09-15T09:59:50Z">
          <reporter-output>
          </reporter-output>
        </test-method> <!-- setUp -->
        <test-method status="PASS" signature="verifyHomePageTitleTest()[pri:0, instance:testcases.HomePageTest@6ba0ac]" name="verifyHomePageTitleTest" duration-ms="92" started-at="2018-09-15T09:59:50Z" finished-at="2018-09-15T09:59:50Z">
          <reporter-output>
          </reporter-output>
        </test-method> <!-- verifyHomePageTitleTest -->
        <test-method status="PASS" signature="tearDown()[pri:0, instance:testcases.HomePageTest@6ba0ac]" name="tearDown" is-config="true" duration-ms="753" started-at="2018-09-15T09:59:50Z" finished-at="2018-09-15T09:59:50Z">
          <reporter-output>
          </reporter-output>
        </test-method> <!-- tearDown -->
        <test-method status="PASS" signature="setUp()[pri:0, instance:testcases.HomePageTest@6ba0ac]" name="setUp" is-config="true" duration-ms="29526" started-at="2018-09-15T09:59:50Z" finished-at="2018-09-15T10:00:20Z">
          <reporter-output>
          </reporter-output>
        </test-method> <!-- setUp -->
        <test-method status="PASS" signature="verifyUserNameTest()[pri:0, instance:testcases.HomePageTest@6ba0ac]" name="verifyUserNameTest" duration-ms="23539" started-at="2018-09-15T10:00:20Z" finished-at="2018-09-15T10:00:44Z">
          <reporter-output>
          </reporter-output>
        </test-method> <!-- verifyUserNameTest -->
        <test-method status="PASS" signature="tearDown()[pri:0, instance:testcases.HomePageTest@6ba0ac]" name="tearDown" is-config="true" duration-ms="935" started-at="2018-09-15T10:00:44Z" finished-at="2018-09-15T10:00:44Z">
          <reporter-output>
          </reporter-output>
        </test-method> <!-- tearDown -->
        <test-method status="PASS" signature="setUp()[pri:0, instance:testcases.HomePageTest@6ba0ac]" name="setUp" is-config="true" duration-ms="28321" started-at="2018-09-15T10:00:44Z" finished-at="2018-09-15T10:01:13Z">
          <reporter-output>
          </reporter-output>
        </test-method> <!-- setUp -->
        <test-method status="PASS" signature="verifyContactsLinkTest()[pri:0, instance:testcases.HomePageTest@6ba0ac]" name="verifyContactsLinkTest" duration-ms="14198" started-at="2018-09-15T10:01:13Z" finished-at="2018-09-15T10:01:27Z">
          <reporter-output>
          </reporter-output>
        </test-method> <!-- verifyContactsLinkTest -->
        <test-method status="PASS" signature="tearDown()[pri:0, instance:testcases.HomePageTest@6ba0ac]" name="tearDown" is-config="true" duration-ms="888" started-at="2018-09-15T10:01:27Z" finished-at="2018-09-15T10:01:28Z">
          <reporter-output>
          </reporter-output>
        </test-method> <!-- tearDown -->
      </class> <!-- testcases.HomePageTest -->
      <class name="testcases.LoginPageTest">
        <test-method status="PASS" signature="setUp()[pri:0, instance:testcases.LoginPageTest@1622fdf]" name="setUp" is-config="true" duration-ms="23266" started-at="2018-09-15T10:01:28Z" finished-at="2018-09-15T10:01:51Z">
          <reporter-output>
          </reporter-output>
        </test-method> <!-- setUp -->
        <test-method status="PASS" signature="crmLogoTest()[pri:0, instance:testcases.LoginPageTest@1622fdf]" name="crmLogoTest" duration-ms="1178" started-at="2018-09-15T10:01:51Z" finished-at="2018-09-15T10:01:52Z">
          <reporter-output>
          </reporter-output>
        </test-method> <!-- crmLogoTest -->
        <test-method status="PASS" signature="tearDown()[pri:0, instance:testcases.LoginPageTest@1622fdf]" name="tearDown" is-config="true" duration-ms="995" started-at="2018-09-15T10:01:52Z" finished-at="2018-09-15T10:01:53Z">
          <reporter-output>
          </reporter-output>
        </test-method> <!-- tearDown -->
        <test-method status="PASS" signature="setUp()[pri:0, instance:testcases.LoginPageTest@1622fdf]" name="setUp" is-config="true" duration-ms="20468" started-at="2018-09-15T10:01:53Z" finished-at="2018-09-15T10:02:14Z">
          <reporter-output>
          </reporter-output>
        </test-method> <!-- setUp -->
        <test-method status="PASS" signature="validateTitleTest()[pri:0, instance:testcases.LoginPageTest@1622fdf]" name="validateTitleTest" duration-ms="413" started-at="2018-09-15T10:02:14Z" finished-at="2018-09-15T10:02:14Z">
          <reporter-output>
          </reporter-output>
        </test-method> <!-- validateTitleTest -->
        <test-method status="PASS" signature="tearDown()[pri:0, instance:testcases.LoginPageTest@1622fdf]" name="tearDown" is-config="true" duration-ms="917" started-at="2018-09-15T10:02:14Z" finished-at="2018-09-15T10:02:15Z">
          <reporter-output>
          </reporter-output>
        </test-method> <!-- tearDown -->
        <test-method status="PASS" signature="setUp()[pri:0, instance:testcases.LoginPageTest@1622fdf]" name="setUp" is-config="true" duration-ms="19922" started-at="2018-09-15T10:02:15Z" finished-at="2018-09-15T10:02:35Z">
          <reporter-output>
          </reporter-output>
        </test-method> <!-- setUp -->
        <test-method status="PASS" signature="loginTest()[pri:0, instance:testcases.LoginPageTest@1622fdf]" name="loginTest" duration-ms="35026" started-at="2018-09-15T10:02:35Z" finished-at="2018-09-15T10:03:10Z">
          <reporter-output>
          </reporter-output>
        </test-method> <!-- loginTest -->
        <test-method status="PASS" signature="tearDown()[pri:0, instance:testcases.LoginPageTest@1622fdf]" name="tearDown" is-config="true" duration-ms="776" started-at="2018-09-15T10:03:10Z" finished-at="2018-09-15T10:03:11Z">
          <reporter-output>
          </reporter-output>
        </test-method> <!-- tearDown -->
        <test-method status="PASS" signature="setUp()[pri:0, instance:testcases.LoginPageTest@1622fdf]" name="setUp" is-config="true" duration-ms="21179" started-at="2018-09-15T10:03:11Z" finished-at="2018-09-15T10:03:32Z">
          <reporter-output>
          </reporter-output>
        </test-method> <!-- setUp -->
        <test-method status="PASS" signature="testFeautureLink()[pri:0, instance:testcases.LoginPageTest@1622fdf]" name="testFeautureLink" duration-ms="18323" started-at="2018-09-15T10:03:32Z" finished-at="2018-09-15T10:03:50Z">
          <reporter-output>
          </reporter-output>
        </test-method> <!-- testFeautureLink -->
        <test-method status="PASS" signature="tearDown()[pri:0, instance:testcases.LoginPageTest@1622fdf]" name="tearDown" is-config="true" duration-ms="1036" started-at="2018-09-15T10:03:50Z" finished-at="2018-09-15T10:03:51Z">
          <reporter-output>
          </reporter-output>
        </test-method> <!-- tearDown -->
      </class> <!-- testcases.LoginPageTest -->
    </test> <!-- Test -->
  </suite> <!-- Suite -->
</testng-results>
